20:00:21 INFO  [Main] [Geode]: Running Geode v3.3.0 in Geometry Dash v2.206 on Windows
20:00:21 INFO  [Main] [Geode]: Setting up internal mod
20:00:21 INFO  [Main] [Geode]: Setting up loader
20:00:21 DEBUG [Main] [Geode]:   Loading launch arguments
20:00:21 DEBUG [Main] [Geode]:   Setting up crash handler
20:00:21 DEBUG [Main] [Geode]:   Loading hooks
20:00:21 DEBUG [Main] [Geode]:     Enabled cocos2d::CCFileUtils::fullPathForFilename hook at 0x6ffffd96dde0 for geode.loader
20:00:21 DEBUG [Main] [Geode]:     Enabled cocos2d::CCFileUtils::sharedFileUtils hook at 0x6ffffd978640 for geode.loader
20:00:21 DEBUG [Main] [Geode]:     Enabled cocos2d::CCMenuItem::activate hook at 0x6ffffd9597a0 for geode.loader
20:00:21 DEBUG [Main] [Geode]:     Enabled cocos2d::CCMenu::ccTouchEnded hook at 0x6ffffd958770 for geode.loader
20:00:21 DEBUG [Main] [Geode]:     Enabled FMOD::System::init hook at 0x6ffffca2f320 for geode.loader
20:00:21 DEBUG [Main] [Geode]:     Enabled FMOD::ChannelControl::setVolume hook at 0x6ffffc98e480 for geode.loader
20:00:21 DEBUG [Main] [Geode]:     Enabled cocos2d::CCNode::getUserObject hook at 0x6ffffd903520 for geode.loader
20:00:21 DEBUG [Main] [Geode]:     Enabled cocos2d::CCNode::setUserObject hook at 0x6ffffd904fd0 for geode.loader
20:00:21 DEBUG [Main] [Geode]:     Enabled LevelPage::onPlay hook at 0x1402fd2e0 for geode.loader
20:00:21 DEBUG [Main] [Geode]:     Enabled LoadingLayer::init hook at 0x14030db60 for geode.loader
20:00:21 DEBUG [Main] [Geode]:     Enabled LoadingLayer::loadAssets hook at 0x14030e400 for geode.loader
20:00:21 DEBUG [Main] [Geode]:     Enabled MenuLayer::init hook at 0x1403130f0 for geode.loader
20:00:21 DEBUG [Main] [Geode]:     Enabled onGLFWError hook at 0x6ffffd975d00 for geode.loader
20:00:21 DEBUG [Main] [Geode]:     Enabled onGLFWError2 hook at 0x6ffffd975d60 for geode.loader
20:00:21 DEBUG [Main] [Geode]:     Enabled ProfilePage::getUserInfoFinished hook at 0x1403a2120 for geode.loader
20:00:21 DEBUG [Main] [Geode]:     Enabled AppDelegate::willSwitchToScene hook at 0x140081f10 for geode.loader
20:00:21 DEBUG [Main] [Geode]:     Enabled AppDelegate::trySaveGame hook at 0x140081e30 for geode.loader
20:00:21 DEBUG [Main] [Geode]:     Enabled cocos2d::CCScheduler::update hook at 0x6ffffd9c0390 for geode.loader
20:00:21 DEBUG [Main] [Geode]:     Enabled CCTextInputNode::ccTouchBegan hook at 0x140050440 for geode.loader
20:00:21 DEBUG [Main] [Geode]:     Enabled LoadingLayer::loadAssets hook at 0x14030e400 for geode.loader
20:00:21 DEBUG [Main] [Geode]:   Setting up directories
20:00:21 INFO  [Main] [Geode]:   Refreshing mod graph
20:00:21 DEBUG [Main] [Geode]:     Queueing mods
20:00:21 DEBUG [Main] [Geode]:       Searching Z:\home\slash\.local\share\Steam\steamapps\common\Geometry Dash\geode\mods
20:00:21 DEBUG [Main] [Geode]:         Found adyagd.godlikefaces.geode
20:00:21 DEBUG [Main] [Geode]:           id: adyagd.godlikefaces
20:00:21 DEBUG [Main] [Geode]:           version: v1.1.6
20:00:21 DEBUG [Main] [Geode]:           early: no
20:00:21 DEBUG [Main] [Geode]:         Found adyagd.ingamelistmod.geode
20:00:21 DEBUG [Main] [Geode]:           id: adyagd.ingamelistmod
20:00:21 DEBUG [Main] [Geode]:           version: v1.2.0
20:00:21 DEBUG [Main] [Geode]:           early: no
20:00:21 DEBUG [Main] [Geode]:         Found alphalaneous.asyncweb.geode
20:00:21 DEBUG [Main] [Geode]:           id: alphalaneous.asyncweb
20:00:21 DEBUG [Main] [Geode]:           version: v0.1.0-alpha.5
20:00:21 DEBUG [Main] [Geode]:           early: no
20:00:21 DEBUG [Main] [Geode]:         Found alphalaneous.happy_textures.geode
20:00:21 DEBUG [Main] [Geode]:           id: alphalaneous.happy_textures
20:00:21 DEBUG [Main] [Geode]:           version: v1.3.20
20:00:21 DEBUG [Main] [Geode]:           early: yes
20:00:21 DEBUG [Main] [Geode]:         Found alphalaneous.projectedstars.geode
20:00:21 DEBUG [Main] [Geode]:           id: alphalaneous.projectedstars
20:00:21 DEBUG [Main] [Geode]:           version: v1.2.8
20:00:21 DEBUG [Main] [Geode]:           early: no
20:00:21 DEBUG [Main] [Geode]:         Found alphalaneous.transparent_lists.geode
20:00:21 DEBUG [Main] [Geode]:           id: alphalaneous.transparent_lists
20:00:21 DEBUG [Main] [Geode]:           version: v1.1.2
20:00:21 DEBUG [Main] [Geode]:           early: no
20:00:21 DEBUG [Main] [Geode]:         Found b1rtek.gddlintegration.geode
20:00:21 DEBUG [Main] [Geode]:           id: b1rtek.gddlintegration
20:00:21 DEBUG [Main] [Geode]:           version: v1.1.10
20:00:21 DEBUG [Main] [Geode]:           early: no
20:00:21 DEBUG [Main] [Geode]:         Found bobby_shmurner.zoom.geode
20:00:21 DEBUG [Main] [Geode]:           id: bobby_shmurner.zoom
20:00:21 DEBUG [Main] [Geode]:           version: v1.0.0
20:00:21 DEBUG [Main] [Geode]:           early: no
20:00:21 DEBUG [Main] [Geode]:         Found capeling.icon_profile.geode
20:00:21 DEBUG [Main] [Geode]:           id: capeling.icon_profile
20:00:21 DEBUG [Main] [Geode]:           version: v1.2.1
20:00:21 DEBUG [Main] [Geode]:           early: no
20:00:21 DEBUG [Main] [Geode]:         Found cdc.level_thumbnails.geode
20:00:21 DEBUG [Main] [Geode]:           id: cdc.level_thumbnails
20:00:21 DEBUG [Main] [Geode]:           version: v1.0.6
20:00:21 DEBUG [Main] [Geode]:           early: no
20:00:21 DEBUG [Main] [Geode]:         Found cgytrus.level-shaders-fix.geode
20:00:21 DEBUG [Main] [Geode]:           id: cgytrus.level-shaders-fix
20:00:21 DEBUG [Main] [Geode]:           version: v1.0.3
20:00:21 DEBUG [Main] [Geode]:           early: no
20:00:21 DEBUG [Main] [Geode]:         Found elnexreal.copy_song_id.geode
20:00:21 DEBUG [Main] [Geode]:           id: elnexreal.copy_song_id
20:00:21 DEBUG [Main] [Geode]:           version: v1.3.3-alpha.2
20:00:21 DEBUG [Main] [Geode]:           early: no
20:00:21 DEBUG [Main] [Geode]:         Found firee.goldenbest.geode
20:00:21 DEBUG [Main] [Geode]:           id: firee.goldenbest
20:00:21 DEBUG [Main] [Geode]:           version: v1.0.8
20:00:21 DEBUG [Main] [Geode]:           early: no
20:00:21 DEBUG [Main] [Geode]:         Found flafy.autonong.geode
20:00:21 DEBUG [Main] [Geode]:           id: flafy.autonong
20:00:21 DEBUG [Main] [Geode]:           version: v0.3.0
20:00:21 DEBUG [Main] [Geode]:           early: no
20:00:21 DEBUG [Main] [Geode]:         Found fleym.nongd.geode
20:00:21 DEBUG [Main] [Geode]:           id: fleym.nongd
20:00:21 DEBUG [Main] [Geode]:           version: v2.11.0
20:00:21 DEBUG [Main] [Geode]:           early: no
20:00:21 DEBUG [Main] [Geode]:         Found geode.custom-keybinds.geode
20:00:21 DEBUG [Main] [Geode]:           id: geode.custom-keybinds
20:00:21 DEBUG [Main] [Geode]:           version: v1.7.1
20:00:21 DEBUG [Main] [Geode]:           early: no
20:00:21 DEBUG [Main] [Geode]:         Found geode.node-ids.geode
20:00:21 DEBUG [Main] [Geode]:           id: geode.node-ids
20:00:21 DEBUG [Main] [Geode]:           version: v1.13.1
20:00:21 DEBUG [Main] [Geode]:           early: no
20:00:21 DEBUG [Main] [Geode]:         Found geode.texture-loader.geode
20:00:21 DEBUG [Main] [Geode]:           id: geode.texture-loader
20:00:21 DEBUG [Main] [Geode]:           version: v1.6.1
20:00:21 DEBUG [Main] [Geode]:           early: yes
20:00:21 DEBUG [Main] [Geode]:         Found hjfod.backups.geode
20:00:21 DEBUG [Main] [Geode]:           id: hjfod.backups
20:00:21 DEBUG [Main] [Geode]:           version: v1.1.0
20:00:21 DEBUG [Main] [Geode]:           early: no
20:00:21 DEBUG [Main] [Geode]:         Found hjfod.bettersave_recovery.geode
20:00:21 DEBUG [Main] [Geode]:           id: hjfod.bettersave_recovery
20:00:21 DEBUG [Main] [Geode]:           version: v1.0.0
20:00:21 DEBUG [Main] [Geode]:           early: no
20:00:21 DEBUG [Main] [Geode]:         Found hjfod.gdshare.geode
20:00:21 DEBUG [Main] [Geode]:           id: hjfod.gdshare
20:00:21 DEBUG [Main] [Geode]:           version: v1.3.0
20:00:21 DEBUG [Main] [Geode]:           early: no
20:00:21 DEBUG [Main] [Geode]:         Found hjfod.gmd-api.geode
20:00:21 DEBUG [Main] [Geode]:           id: hjfod.gmd-api
20:00:21 DEBUG [Main] [Geode]:           version: v1.2.1
20:00:21 DEBUG [Main] [Geode]:           early: no
20:00:21 DEBUG [Main] [Geode]:         Found hjfod.trashcan.geode
20:00:21 DEBUG [Main] [Geode]:           id: hjfod.trashcan
20:00:21 DEBUG [Main] [Geode]:           version: v1.0.0
20:00:21 DEBUG [Main] [Geode]:           early: no
20:00:21 DEBUG [Main] [Geode]:         Found itzkiba.better_progression.geode
20:00:21 DEBUG [Main] [Geode]:           id: itzkiba.better_progression
20:00:21 DEBUG [Main] [Geode]:           version: v1.2.1
20:00:21 DEBUG [Main] [Geode]:           early: no
20:00:21 DEBUG [Main] [Geode]:         Found itzkiba.grandpa_demon.geode
20:00:21 DEBUG [Main] [Geode]:           id: itzkiba.grandpa_demon
20:00:21 DEBUG [Main] [Geode]:           version: v1.2.0
20:00:21 DEBUG [Main] [Geode]:           early: no
20:00:21 DEBUG [Main] [Geode]:         Found lilnibblit.chestalert.geode
20:00:21 DEBUG [Main] [Geode]:           id: lilnibblit.chestalert
20:00:21 DEBUG [Main] [Geode]:           version: v1.0.3
20:00:21 DEBUG [Main] [Geode]:           early: no
20:00:21 DEBUG [Main] [Geode]:         Found mat.max-window.geode
20:00:21 DEBUG [Main] [Geode]:           id: mat.max-window
20:00:21 DEBUG [Main] [Geode]:           version: v1.0.4
20:00:21 DEBUG [Main] [Geode]:           early: no
20:00:21 DEBUG [Main] [Geode]:         Found mat.song-preview.geode
20:00:21 DEBUG [Main] [Geode]:           id: mat.song-preview
20:00:21 DEBUG [Main] [Geode]:           version: v1.1.0
20:00:21 DEBUG [Main] [Geode]:           early: no
20:00:21 DEBUG [Main] [Geode]:         Found muhammadgames.bettermenu.geode
20:00:21 WARN  [Main] [Geode]:           [muhammadgames.bettermenu/v2.0.4-beta.14/mod.json] contains unknown key "platforms"
20:00:21 DEBUG [Main] [Geode]:           id: muhammadgames.bettermenu
20:00:21 DEBUG [Main] [Geode]:           version: v2.0.4-beta.14
20:00:21 DEBUG [Main] [Geode]:           early: yes
20:00:21 DEBUG [Main] [Geode]:         Found oatmealine.ids_integration.geode
20:00:21 DEBUG [Main] [Geode]:           id: oatmealine.ids_integration
20:00:21 DEBUG [Main] [Geode]:           version: v1.4.0-beta.2
20:00:21 DEBUG [Main] [Geode]:           early: no
20:00:21 DEBUG [Main] [Geode]:         Found oatmealine.nlw_integration.geode
20:00:21 DEBUG [Main] [Geode]:           id: oatmealine.nlw_integration
20:00:21 DEBUG [Main] [Geode]:           version: v1.4.0-beta.3
20:00:21 DEBUG [Main] [Geode]:           early: no
20:00:21 DEBUG [Main] [Geode]:         Found prevter.bettercrash.geode
20:00:21 DEBUG [Main] [Geode]:           id: prevter.bettercrash
20:00:21 DEBUG [Main] [Geode]:           version: v1.5.0
20:00:21 DEBUG [Main] [Geode]:           early: yes
20:00:21 DEBUG [Main] [Geode]:         Found syzzi.click_between_frames.geode
20:00:21 DEBUG [Main] [Geode]:           id: syzzi.click_between_frames
20:00:21 DEBUG [Main] [Geode]:           version: v1.1.20
20:00:21 DEBUG [Main] [Geode]:           early: no
20:00:21 DEBUG [Main] [Geode]:         Found techstudent10.attempt_utils.geode
20:00:21 DEBUG [Main] [Geode]:           id: techstudent10.attempt_utils
20:00:21 DEBUG [Main] [Geode]:           version: v1.2.0
20:00:21 DEBUG [Main] [Geode]:           early: no
20:00:21 DEBUG [Main] [Geode]:         Found thesillydoggo.gradientpages.geode
20:00:21 DEBUG [Main] [Geode]:           id: thesillydoggo.gradientpages
20:00:21 DEBUG [Main] [Geode]:           version: v2.3.1
20:00:21 DEBUG [Main] [Geode]:           early: no
20:00:21 DEBUG [Main] [Geode]:         Found weebify.restartbtn.geode
20:00:21 DEBUG [Main] [Geode]:           id: weebify.restartbtn
20:00:21 DEBUG [Main] [Geode]:           version: v1.1.4
20:00:21 DEBUG [Main] [Geode]:           early: no
20:00:21 DEBUG [Main] [Geode]:     Populating mod list
20:00:21 DEBUG [Main] [Geode]:       adyagd.godlikefaces v1.1.6
20:00:21 DEBUG [Main] [Geode]:       adyagd.ingamelistmod v1.2.0
20:00:21 DEBUG [Main] [Geode]:       alphalaneous.asyncweb v0.1.0-alpha.5
20:00:21 DEBUG [Main] [Geode]:       alphalaneous.happy_textures v1.3.20
20:00:21 DEBUG [Main] [Geode]:       alphalaneous.projectedstars v1.2.8
20:00:21 DEBUG [Main] [Geode]:       alphalaneous.transparent_lists v1.1.2
20:00:21 DEBUG [Main] [Geode]:       b1rtek.gddlintegration v1.1.10
20:00:21 DEBUG [Main] [Geode]:       bobby_shmurner.zoom v1.0.0
20:00:21 DEBUG [Main] [Geode]:       capeling.icon_profile v1.2.1
20:00:21 DEBUG [Main] [Geode]:       cdc.level_thumbnails v1.0.6
20:00:21 DEBUG [Main] [Geode]:       cgytrus.level-shaders-fix v1.0.3
20:00:21 DEBUG [Main] [Geode]:       elnexreal.copy_song_id v1.3.3-alpha.2
20:00:21 DEBUG [Main] [Geode]:       firee.goldenbest v1.0.8
20:00:21 DEBUG [Main] [Geode]:       flafy.autonong v0.3.0
20:00:21 DEBUG [Main] [Geode]:       fleym.nongd v2.11.0
20:00:21 DEBUG [Main] [Geode]:       geode.custom-keybinds v1.7.1
20:00:21 DEBUG [Main] [Geode]:       geode.node-ids v1.13.1
20:00:21 DEBUG [Main] [Geode]:       geode.texture-loader v1.6.1
20:00:21 DEBUG [Main] [Geode]:       hjfod.backups v1.1.0
20:00:21 DEBUG [Main] [Geode]:       hjfod.bettersave_recovery v1.0.0
20:00:21 DEBUG [Main] [Geode]:       hjfod.gdshare v1.3.0
20:00:21 DEBUG [Main] [Geode]:       hjfod.gmd-api v1.2.1
20:00:21 DEBUG [Main] [Geode]:       hjfod.trashcan v1.0.0
20:00:21 DEBUG [Main] [Geode]:       itzkiba.better_progression v1.2.1
20:00:21 DEBUG [Main] [Geode]:       itzkiba.grandpa_demon v1.2.0
20:00:21 DEBUG [Main] [Geode]:       lilnibblit.chestalert v1.0.3
20:00:21 DEBUG [Main] [Geode]:       mat.max-window v1.0.4
20:00:21 DEBUG [Main] [Geode]:       mat.song-preview v1.1.0
20:00:21 DEBUG [Main] [Geode]:       muhammadgames.bettermenu v2.0.4-beta.14
20:00:21 DEBUG [Main] [Geode]:       oatmealine.ids_integration v1.4.0-beta.2
20:00:21 DEBUG [Main] [Geode]:       oatmealine.nlw_integration v1.4.0-beta.3
20:00:21 DEBUG [Main] [Geode]:       prevter.bettercrash v1.5.0
20:00:21 DEBUG [Main] [Geode]:       syzzi.click_between_frames v1.1.20
20:00:21 DEBUG [Main] [Geode]:       techstudent10.attempt_utils v1.2.0
20:00:21 DEBUG [Main] [Geode]:       thesillydoggo.gradientpages v2.3.1
20:00:21 DEBUG [Main] [Geode]:       weebify.restartbtn v1.1.4
20:00:21 DEBUG [Main] [Geode]:     Building mod graph
20:00:21 DEBUG [Main] [Geode]:       fleym.nongd
20:00:21 DEBUG [Main] [Geode]:         geode.loader
20:00:21 DEBUG [Main] [Geode]:       geode.loader
20:00:21 DEBUG [Main] [Geode]:       alphalaneous.asyncweb
20:00:21 DEBUG [Main] [Geode]:         geode.loader
20:00:21 DEBUG [Main] [Geode]:       techstudent10.attempt_utils
20:00:21 DEBUG [Main] [Geode]:         geode.loader
20:00:21 DEBUG [Main] [Geode]:       alphalaneous.transparent_lists
20:00:21 DEBUG [Main] [Geode]:         geode.loader
20:00:21 DEBUG [Main] [Geode]:       syzzi.click_between_frames
20:00:21 DEBUG [Main] [Geode]:         geode.loader
20:00:21 DEBUG [Main] [Geode]:         geode.custom-keybinds
20:00:21 DEBUG [Main] [Geode]:       adyagd.godlikefaces
20:00:21 DEBUG [Main] [Geode]:         geode.loader
20:00:21 DEBUG [Main] [Geode]:       adyagd.ingamelistmod
20:00:21 DEBUG [Main] [Geode]:         geode.loader
20:00:21 DEBUG [Main] [Geode]:       b1rtek.gddlintegration
20:00:21 DEBUG [Main] [Geode]:         geode.loader
20:00:21 DEBUG [Main] [Geode]:         geode.node-ids
20:00:21 DEBUG [Main] [Geode]:       alphalaneous.happy_textures
20:00:21 DEBUG [Main] [Geode]:         geode.loader
20:00:21 DEBUG [Main] [Geode]:         geode.node-ids
20:00:21 DEBUG [Main] [Geode]:       alphalaneous.projectedstars
20:00:21 DEBUG [Main] [Geode]:         geode.loader
20:00:21 DEBUG [Main] [Geode]:         geode.node-ids
20:00:21 DEBUG [Main] [Geode]:       bobby_shmurner.zoom
20:00:21 DEBUG [Main] [Geode]:         geode.loader
20:00:21 DEBUG [Main] [Geode]:         geode.node-ids
20:00:21 DEBUG [Main] [Geode]:         geode.custom-keybinds
20:00:21 DEBUG [Main] [Geode]:       capeling.icon_profile
20:00:21 DEBUG [Main] [Geode]:         geode.loader
20:00:21 DEBUG [Main] [Geode]:       cdc.level_thumbnails
20:00:21 DEBUG [Main] [Geode]:         geode.loader
20:00:21 DEBUG [Main] [Geode]:         geode.node-ids
20:00:21 DEBUG [Main] [Geode]:       muhammadgames.bettermenu
20:00:21 DEBUG [Main] [Geode]:         geode.loader
20:00:21 DEBUG [Main] [Geode]:       cgytrus.level-shaders-fix
20:00:21 DEBUG [Main] [Geode]:         geode.loader
20:00:21 DEBUG [Main] [Geode]:       elnexreal.copy_song_id
20:00:21 DEBUG [Main] [Geode]:         geode.loader
20:00:21 DEBUG [Main] [Geode]:         geode.node-ids
20:00:21 DEBUG [Main] [Geode]:       mat.song-preview
20:00:21 DEBUG [Main] [Geode]:         geode.loader
20:00:21 DEBUG [Main] [Geode]:       firee.goldenbest
20:00:21 DEBUG [Main] [Geode]:         geode.loader
20:00:21 DEBUG [Main] [Geode]:       prevter.bettercrash
20:00:21 DEBUG [Main] [Geode]:         geode.loader
20:00:21 DEBUG [Main] [Geode]:       hjfod.gdshare
20:00:21 DEBUG [Main] [Geode]:         geode.loader
20:00:21 DEBUG [Main] [Geode]:         hjfod.gmd-api
20:00:21 DEBUG [Main] [Geode]:         geode.node-ids
20:00:21 DEBUG [Main] [Geode]:       flafy.autonong
20:00:21 DEBUG [Main] [Geode]:         geode.loader
20:00:21 DEBUG [Main] [Geode]:         fleym.nongd
20:00:21 DEBUG [Main] [Geode]:       geode.custom-keybinds
20:00:21 DEBUG [Main] [Geode]:         geode.loader
20:00:21 DEBUG [Main] [Geode]:       geode.node-ids
20:00:21 DEBUG [Main] [Geode]:         geode.loader
20:00:21 DEBUG [Main] [Geode]:       geode.texture-loader
20:00:21 DEBUG [Main] [Geode]:         geode.loader
20:00:21 DEBUG [Main] [Geode]:       hjfod.backups
20:00:21 DEBUG [Main] [Geode]:         geode.loader
20:00:21 DEBUG [Main] [Geode]:       hjfod.bettersave_recovery
20:00:21 DEBUG [Main] [Geode]:         geode.loader
20:00:21 DEBUG [Main] [Geode]:         geode.node-ids
20:00:21 DEBUG [Main] [Geode]:         hjfod.gmd-api
20:00:21 DEBUG [Main] [Geode]:         hjfod.gdshare
20:00:21 DEBUG [Main] [Geode]:         hjfod.trashcan
20:00:21 DEBUG [Main] [Geode]:         hjfod.backups
20:00:21 DEBUG [Main] [Geode]:       hjfod.gmd-api
20:00:21 DEBUG [Main] [Geode]:         geode.loader
20:00:21 DEBUG [Main] [Geode]:       oatmealine.nlw_integration
20:00:21 DEBUG [Main] [Geode]:         geode.loader
20:00:21 DEBUG [Main] [Geode]:         geode.node-ids
20:00:21 DEBUG [Main] [Geode]:       hjfod.trashcan
20:00:21 DEBUG [Main] [Geode]:         geode.loader
20:00:21 DEBUG [Main] [Geode]:         geode.node-ids
20:00:21 DEBUG [Main] [Geode]:         hjfod.gmd-api
20:00:21 DEBUG [Main] [Geode]:         hjfod.gdshare
20:00:21 DEBUG [Main] [Geode]:       itzkiba.better_progression
20:00:21 DEBUG [Main] [Geode]:         geode.loader
20:00:21 DEBUG [Main] [Geode]:         geode.node-ids
20:00:21 DEBUG [Main] [Geode]:       itzkiba.grandpa_demon
20:00:21 DEBUG [Main] [Geode]:         geode.loader
20:00:21 DEBUG [Main] [Geode]:       lilnibblit.chestalert
20:00:21 DEBUG [Main] [Geode]:         geode.loader
20:00:21 DEBUG [Main] [Geode]:       mat.max-window
20:00:21 DEBUG [Main] [Geode]:         geode.loader
20:00:21 DEBUG [Main] [Geode]:       oatmealine.ids_integration
20:00:21 DEBUG [Main] [Geode]:         geode.loader
20:00:21 DEBUG [Main] [Geode]:         geode.node-ids
20:00:21 DEBUG [Main] [Geode]:       thesillydoggo.gradientpages
20:00:21 DEBUG [Main] [Geode]:         geode.loader
20:00:21 DEBUG [Main] [Geode]:       weebify.restartbtn
20:00:21 DEBUG [Main] [Geode]:         geode.loader
20:00:21 DEBUG [Main] [Geode]:     Ordering mod stack
20:00:21 DEBUG [Main] [Geode]:       muhammadgames.bettermenu, early: true
20:00:21 DEBUG [Main] [Geode]:       prevter.bettercrash, early: true
20:00:21 DEBUG [Main] [Geode]:       geode.node-ids, early: true
20:00:21 DEBUG [Main] [Geode]:       alphalaneous.happy_textures, early: true
20:00:21 DEBUG [Main] [Geode]:       geode.texture-loader, early: true
20:00:21 DEBUG [Main] [Geode]:       fleym.nongd, early: false
20:00:21 DEBUG [Main] [Geode]:       alphalaneous.asyncweb, early: false
20:00:21 DEBUG [Main] [Geode]:       techstudent10.attempt_utils, early: false
20:00:21 DEBUG [Main] [Geode]:       alphalaneous.transparent_lists, early: false
20:00:21 DEBUG [Main] [Geode]:       adyagd.godlikefaces, early: false
20:00:21 DEBUG [Main] [Geode]:       adyagd.ingamelistmod, early: false
20:00:21 DEBUG [Main] [Geode]:       b1rtek.gddlintegration, early: false
20:00:21 DEBUG [Main] [Geode]:       alphalaneous.projectedstars, early: false
20:00:21 DEBUG [Main] [Geode]:       capeling.icon_profile, early: false
20:00:21 DEBUG [Main] [Geode]:       cdc.level_thumbnails, early: false
20:00:21 DEBUG [Main] [Geode]:       cgytrus.level-shaders-fix, early: false
20:00:21 DEBUG [Main] [Geode]:       elnexreal.copy_song_id, early: false
20:00:21 DEBUG [Main] [Geode]:       mat.song-preview, early: false
20:00:21 DEBUG [Main] [Geode]:       firee.goldenbest, early: false
20:00:21 DEBUG [Main] [Geode]:       flafy.autonong, early: false
20:00:21 DEBUG [Main] [Geode]:       geode.custom-keybinds, early: false
20:00:21 DEBUG [Main] [Geode]:       syzzi.click_between_frames, early: false
20:00:21 DEBUG [Main] [Geode]:       bobby_shmurner.zoom, early: false
20:00:21 DEBUG [Main] [Geode]:       hjfod.backups, early: false
20:00:21 DEBUG [Main] [Geode]:       hjfod.gmd-api, early: false
20:00:21 DEBUG [Main] [Geode]:       hjfod.gdshare, early: false
20:00:21 DEBUG [Main] [Geode]:       hjfod.bettersave_recovery, early: false
20:00:21 DEBUG [Main] [Geode]:       oatmealine.nlw_integration, early: false
20:00:21 DEBUG [Main] [Geode]:       hjfod.trashcan, early: false
20:00:21 DEBUG [Main] [Geode]:       itzkiba.better_progression, early: false
20:00:21 DEBUG [Main] [Geode]:       itzkiba.grandpa_demon, early: false
20:00:21 DEBUG [Main] [Geode]:       lilnibblit.chestalert, early: false
20:00:21 DEBUG [Main] [Geode]:       mat.max-window, early: false
20:00:21 DEBUG [Main] [Geode]:       oatmealine.ids_integration, early: false
20:00:21 DEBUG [Main] [Geode]:       thesillydoggo.gradientpages, early: false
20:00:21 DEBUG [Main] [Geode]:       weebify.restartbtn, early: false
20:00:21 DEBUG [Main] [Geode]:     Loading early mods
20:00:21 DEBUG [Main] [Geode]:       muhammadgames.bettermenu v2.0.4-beta.14
20:00:21 DEBUG [Main] [Geode]:         Unzip
20:00:21 DEBUG [Main] [Geode]:         Hash mismatch detected, unzipping
20:00:21 DEBUG [Main] [Geode]:         Load
20:00:21 DEBUG [Main] [Geode]:         Loading binary for mod muhammadgames.bettermenu
20:00:21 DEBUG [Main] [Geode]:         Enabled LoadingLayer::init hook at 0x14030db60 for muhammadgames.bettermenu
20:00:21 DEBUG [Main] [Geode]:         Enabled MenuLayer::init hook at 0x1403130f0 for muhammadgames.bettermenu
20:00:21 DEBUG [Main] [Geode]:         Enabled MenuLayer::init hook at 0x1403130f0 for muhammadgames.bettermenu
20:00:21 DEBUG [Main] [Geode]:         Enabled MenuLayer::onPlay hook at 0x140315030 for muhammadgames.bettermenu
20:00:21 DEBUG [Main] [Geode]:         Enabled MenuLayer::onQuit hook at 0x1403155f0 for muhammadgames.bettermenu
20:00:21 DEBUG [Main] [Geode]:         Enabled cocos2d::CCSprite::createWithSpriteFrameName hook at 0x6ffffd988e30 for muhammadgames.bettermenu
20:00:21 DEBUG [Main] [Geode]:       prevter.bettercrash v1.5.0
20:00:21 DEBUG [Main] [Geode]:         Unzip
20:00:21 DEBUG [Main] [Geode]:         Hash mismatch detected, unzipping
20:00:21 DEBUG [Main] [Geode]:         Load
20:00:21 DEBUG [Main] [Geode]:         Loading binary for mod prevter.bettercrash
20:00:21 INFO  [Ma>] [BetterCrashlo>]: Fetching codegen file...
20:00:21 INFO  [Ma>] [BetterCrashlo>]: Setting up crash handler...
20:00:21 DEBUG [Main] [Geode]:       geode.node-ids v1.13.1
20:00:21 DEBUG [Main] [Geode]:         Unzip
20:00:21 DEBUG [Main] [Geode]:         Hash mismatch detected, unzipping
20:00:21 DEBUG [Main] [Geode]:         Load
20:00:21 DEBUG [Main] [Geode]:         Loading binary for mod geode.node-ids
20:00:21 DEBUG [Main] [Geode]:         Enabled ChallengeNode::init hook at 0x140085490 for geode.node-ids
20:00:21 DEBUG [Main] [Geode]:         Enabled ChallengesPage::createChallengeNode hook at 0x1400849f0 for geode.node-ids
20:00:21 DEBUG [Main] [Geode]:         Enabled ChallengesPage::init hook at 0x140083ca0 for geode.node-ids
20:00:21 DEBUG [Main] [Geode]:         Enabled CharacterColorPage::init hook at 0x1400866e0 for geode.node-ids
20:00:21 DEBUG [Main] [Geode]:         Enabled CommentCell::loadFromComment hook at 0x1400b3790 for geode.node-ids
20:00:21 DEBUG [Main] [Geode]:         Enabled CreatorLayer::init hook at 0x14009a300 for geode.node-ids
20:00:21 DEBUG [Main] [Geode]:         Enabled CustomSongWidget::init hook at 0x1400c5900 for geode.node-ids
20:00:21 DEBUG [Main] [Geode]:         Enabled CustomizeObjectLayer::init hook at 0x1400a32f0 for geode.node-ids
20:00:21 DEBUG [Main] [Geode]:         Enabled CustomizeObjectLayer::toggleVisible hook at 0x1400a70e0 for geode.node-ids
20:00:21 DEBUG [Main] [Geode]:         Enabled DailyLevelNode::init hook at 0x1400cea30 for geode.node-ids
20:00:21 DEBUG [Main] [Geode]:         Enabled DailyLevelPage::init hook at 0x1400cb4c0 for geode.node-ids
20:00:21 DEBUG [Main] [Geode]:         Enabled DemonFilterSelectLayer::init hook at 0x1402f72c0 for geode.node-ids
20:00:21 DEBUG [Main] [Geode]:         Enabled DemonInfoPopup::init hook at 0x1403a33e0 for geode.node-ids
20:00:21 DEBUG [Main] [Geode]:         Enabled EditLevelLayer::init hook at 0x1400d1c80 for geode.node-ids
20:00:21 DEBUG [Main] [Geode]:         Enabled EditorPauseLayer::init hook at 0x1400d66f0 for geode.node-ids
20:00:21 DEBUG [Main] [Geode]:         Enabled EditorUI::init hook at 0x1400dba20 for geode.node-ids
20:00:21 DEBUG [Main] [Geode]:         Enabled EndLevelLayer::customSetup hook at 0x14012edf0 for geode.node-ids
20:00:21 DEBUG [Main] [Geode]:         Enabled EndLevelLayer::showLayer hook at 0x140130b60 for geode.node-ids
20:00:21 DEBUG [Main] [Geode]:         Enabled FLAlertLayer::init hook at 0x140050ce0 for geode.node-ids
20:00:21 DEBUG [Main] [Geode]:         Enabled FriendsProfilePage::init hook at 0x14013b830 for geode.node-ids
20:00:21 DEBUG [Main] [Geode]:         Enabled GJCommentListLayer::init hook at 0x14027f8c0 for geode.node-ids
20:00:21 DEBUG [Main] [Geode]:         Enabled GJDropDownLayer::init hook at 0x1402454f0 for geode.node-ids
20:00:21 DEBUG [Main] [Geode]:         Enabled GJGarageLayer::init hook at 0x140261150 for geode.node-ids
20:00:21 DEBUG [Main] [Geode]:         Enabled GJGarageLayer::setupPage hook at 0x140264070 for geode.node-ids
20:00:21 DEBUG [Main] [Geode]:         Enabled GJGroundLayer::init hook at 0x14026c060 for geode.node-ids
20:00:21 DEBUG [Main] [Geode]:         Enabled GJListLayer::init hook at 0x14026d710 for geode.node-ids
20:00:21 DEBUG [Main] [Geode]:         Enabled GJScoreCell::loadFromScore hook at 0x1400b6010 for geode.node-ids
20:00:21 DEBUG [Main] [Geode]:         Enabled GameToolbox::addBackButton hook at 0x140063a20 for geode.node-ids
20:00:21 DEBUG [Main] [Geode]:         Enabled GameToolbox::addRThumbScrollButton hook at 0x140063b00 for geode.node-ids
20:00:21 DEBUG [Main] [Geode]:         Enabled GauntletNode::init hook at 0x1401edf90 for geode.node-ids
20:00:21 DEBUG [Main] [Geode]:         Enabled GauntletSelectLayer::init hook at 0x1401ebd80 for geode.node-ids
20:00:21 DEBUG [Main] [Geode]:         Enabled GauntletSelectLayer::setupGauntlets hook at 0x1401ece70 for geode.node-ids
20:00:21 DEBUG [Main] [Geode]:         Enabled InfoLayer::init hook at 0x1402a8470 for geode.node-ids
20:00:21 DEBUG [Main] [Geode]:         Enabled InfoLayer::setupCommentsBrowser hook at 0x1402ac2c0 for geode.node-ids
20:00:21 DEBUG [Main] [Geode]:         Enabled LeaderboardsLayer::init hook at 0x1402aed30 for geode.node-ids
20:00:21 DEBUG [Main] [Geode]:         Enabled LevelAreaInnerLayer::init hook at 0x1402b3200 for geode.node-ids
20:00:21 DEBUG [Main] [Geode]:         Enabled LevelBrowserLayer::init hook at 0x1402b57d0 for geode.node-ids
20:00:21 DEBUG [Main] [Geode]:         Enabled LevelCell::loadCustomLevelCell hook at 0x1400ac110 for geode.node-ids
20:00:21 DEBUG [Main] [Geode]:         Enabled LevelCell::loadFromLevel hook at 0x1400abf30 for geode.node-ids
20:00:21 DEBUG [Main] [Geode]:         Enabled LevelCell::loadLocalLevelCell hook at 0x1400aea50 for geode.node-ids
20:00:21 DEBUG [Main] [Geode]:         Enabled LevelEditorLayer::init hook at 0x1402be440 for geode.node-ids
20:00:21 DEBUG [Main] [Geode]:         Enabled LevelInfoLayer::init hook at 0x1402d7620 for geode.node-ids
20:00:21 DEBUG [Main] [Geode]:         Enabled LevelInfoLayer::setupPlatformerStats hook at 0x1402da440 for geode.node-ids
20:00:21 DEBUG [Main] [Geode]:         Enabled LevelInfoLayer::setupProgressBars hook at 0x1402da870 for geode.node-ids
20:00:21 DEBUG [Main] [Geode]:         Enabled LevelInfoLayer::updateLabelValues hook at 0x1402df060 for geode.node-ids
20:00:21 DEBUG [Main] [Geode]:         Enabled LevelLeaderboard::init hook at 0x1402e0660 for geode.node-ids
20:00:21 DEBUG [Main] [Geode]:         Enabled LevelListCell::loadFromList hook at 0x1400bc320 for geode.node-ids
20:00:21 DEBUG [Main] [Geode]:         Enabled LevelListLayer::init hook at 0x1402e3190 for geode.node-ids
20:00:21 DEBUG [Main] [Geode]:         Enabled LevelListLayer::updateStatsArt hook at 0x1402e4c70 for geode.node-ids
20:00:21 DEBUG [Main] [Geode]:         Enabled LevelPage::init hook at 0x1402f9570 for geode.node-ids
20:00:21 DEBUG [Main] [Geode]:         Enabled LevelPage::updateDynamicPage hook at 0x1402fa200 for geode.node-ids
20:00:21 DEBUG [Main] [Geode]:         Enabled LevelSearchLayer::init hook at 0x1402ebc60 for geode.node-ids
20:00:21 DEBUG [Main] [Geode]:         Enabled LevelSelectLayer::init hook at 0x1402f7d60 for geode.node-ids
20:00:21 DEBUG [Main] [Geode]:         Enabled MenuGameLayer::init hook at 0x140310ac0 for geode.node-ids
20:00:21 DEBUG [Main] [Geode]:         Enabled MoreOptionsLayer::init hook at 0x140351e90 for geode.node-ids
20:00:21 DEBUG [Main] [Geode]:         Enabled MoreSearchLayer::init hook at 0x1402f2540 for geode.node-ids
20:00:21 DEBUG [Main] [Geode]:         Enabled OptionsLayer::customSetup hook at 0x1403504c0 for geode.node-ids
20:00:21 DEBUG [Main] [Geode]:         Enabled PauseLayer::customSetup hook at 0x14035abc0 for geode.node-ids
20:00:21 DEBUG [Main] [Geode]:         Enabled PlayLayer::init hook at 0x140382890 for geode.node-ids
20:00:21 DEBUG [Main] [Geode]:         Enabled PlayLayer::setupHasCompleted hook at 0x1403835e0 for geode.node-ids
20:00:21 DEBUG [Main] [Geode]:         Enabled PlayerObject::init hook at 0x140364970 for geode.node-ids
20:00:21 DEBUG [Main] [Geode]:         Enabled ProfilePage::init hook at 0x14039b3b0 for geode.node-ids
20:00:21 DEBUG [Main] [Geode]:         Enabled ProfilePage::loadPageFromUserInfo hook at 0x14039c890 for geode.node-ids
20:00:21 DEBUG [Main] [Geode]:         Enabled RewardsPage::init hook at 0x1403a8710 for geode.node-ids
20:00:21 DEBUG [Main] [Geode]:         Enabled SecretLayer2::init hook at 0x1403bca90 for geode.node-ids
20:00:21 DEBUG [Main] [Geode]:         Enabled SecretRewardsLayer::init hook at 0x1403ae2c0 for geode.node-ids
20:00:21 DEBUG [Main] [Geode]:         Enabled SetGroupIDLayer::init hook at 0x1403cde60 for geode.node-ids
20:00:21 DEBUG [Main] [Geode]:         Enabled ShardsPage::init hook at 0x14045de70 for geode.node-ids
20:00:21 DEBUG [Main] [Geode]:         Enabled UILayer::init hook at 0x14049fe60 for geode.node-ids
20:00:21 DEBUG [Main] [Geode]:       alphalaneous.happy_textures v1.3.20
20:00:21 DEBUG [Main] [Geode]:         Unzip
20:00:21 DEBUG [Main] [Geode]:         Hash mismatch detected, unzipping
20:00:21 DEBUG [Main] [Geode]:         Load
20:00:21 DEBUG [Main] [Geode]:         Loading binary for mod alphalaneous.happy_textures
20:00:21 DEBUG [Main] [Geode]:         Enabled cocos2d::CCSprite::create hook at 0x6ffffd988d50 for alphalaneous.happy_textures
20:00:21 DEBUG [Main] [Geode]:         Enabled cocos2d::CCSprite::createWithTexture hook at 0x6ffffd988ee0 for alphalaneous.happy_textures
20:00:21 DEBUG [Main] [Geode]:         Enabled cocos2d::CCSprite::createWithSpriteFrame hook at 0x6ffffd988db0 for alphalaneous.happy_textures
20:00:21 DEBUG [Main] [Geode]:         Enabled cocos2d::CCMenu::initWithArray hook at 0x6ffffd958ac0 for alphalaneous.happy_textures
20:00:21 DEBUG [Main] [Geode]:         Enabled CCMenuItemSpriteExtra::init hook at 0x140043d60 for alphalaneous.happy_textures
20:00:21 DEBUG [Main] [Geode]:         Enabled cocos2d::CCLabelBMFont::init hook at 0x6ffffd948020 for alphalaneous.happy_textures
20:00:21 DEBUG [Main] [Geode]:         Enabled cocos2d::CCLabelBMFont::initWithString hook at 0x6ffffd9480a0 for alphalaneous.happy_textures
20:00:21 DEBUG [Main] [Geode]:         Enabled cocos2d::extension::CCScale9Sprite::init hook at 0x6ffffdccdbb0 for alphalaneous.happy_textures
20:00:21 DEBUG [Main] [Geode]:         Enabled cocos2d::extension::CCScale9Sprite::initWithBatchNode hook at 0x6ffffdccdc90 for alphalaneous.happy_textures
20:00:21 DEBUG [Main] [Geode]:         Enabled cocos2d::extension::CCScale9Sprite::initWithFile hook at 0x6ffffdccf470 for alphalaneous.happy_textures
20:00:21 DEBUG [Main] [Geode]:         Enabled cocos2d::extension::CCScale9Sprite::initWithSpriteFrame hook at 0x6ffffdccf870 for alphalaneous.happy_textures
20:00:21 DEBUG [Main] [Geode]:         Enabled cocos2d::extension::CCScale9Sprite::initWithSpriteFrameName hook at 0x6ffffdccfa60 for alphalaneous.happy_textures
20:00:21 DEBUG [Main] [Geode]:         Enabled CCTextInputNode::create hook at 0x14004e270 for alphalaneous.happy_textures
20:00:21 DEBUG [Main] [Geode]:         Enabled TextArea::create hook at 0x140075960 for alphalaneous.happy_textures
20:00:21 DEBUG [Main] [Geode]:         Enabled SearchButton::create hook at 0x1402f21f0 for alphalaneous.happy_textures
20:00:21 DEBUG [Main] [Geode]:         Enabled SimplePlayer::init hook at 0x1402673c0 for alphalaneous.happy_textures
20:00:21 DEBUG [Main] [Geode]:         Enabled cocos2d::CCLayer::init hook at 0x6ffffd94f550 for alphalaneous.happy_textures
20:00:21 DEBUG [Main] [Geode]:         Enabled cocos2d::CCLayerColor::init hook at 0x6ffffd94f5a0 for alphalaneous.happy_textures
20:00:21 DEBUG [Main] [Geode]:         Enabled cocos2d::CCLayerColor::initWithColor hook at 0x6ffffd94f7f0 for alphalaneous.happy_textures
20:00:21 DEBUG [Main] [Geode]:         Enabled LoadingCircle::init hook at 0x14006a4c0 for alphalaneous.happy_textures
20:00:21 DEBUG [Main] [Geode]:         Enabled cocos2d::CCLabelBMFont::create hook at 0x6ffffd947320 for alphalaneous.happy_textures
20:00:21 DEBUG [Main] [Geode]:         Enabled cocos2d::CCLabelBMFont::limitLabelWidth hook at 0x6ffffd948560 for alphalaneous.happy_textures
20:00:21 DEBUG [Main] [Geode]:         Enabled cocos2d::CCScene::create hook at 0x6ffffd951240 for alphalaneous.happy_textures
20:00:21 DEBUG [Main] [Geode]:         Enabled CCMenuItemSpriteExtra::activate hook at 0x140043ec0 for alphalaneous.happy_textures
20:00:21 DEBUG [Main] [Geode]:         Enabled CCMenuItemSpriteExtra::selected hook at 0x140043fd0 for alphalaneous.happy_textures
20:00:21 DEBUG [Main] [Geode]:         Enabled CCMenuItemSpriteExtra::unselected hook at 0x1400441f0 for alphalaneous.happy_textures
20:00:21 DEBUG [Main] [Geode]:         Enabled GJBaseGameLayer::createTextLayers hook at 0x1401ffa50 for alphalaneous.happy_textures
20:00:21 DEBUG [Main] [Geode]:         Enabled cocos2d::CCSpriteBatchNode::initWithTexture hook at 0x6ffffd98bdd0 for alphalaneous.happy_textures
20:00:21 DEBUG [Main] [Geode]:         Enabled cocos2d::CCLabelBMFont::createBatched hook at 0x6ffffd947440 for alphalaneous.happy_textures
20:00:21 DEBUG [Main] [Geode]:         Enabled cocos2d::CCTextureCache::addImage hook at 0x6ffffd9a4bc0 for alphalaneous.happy_textures
20:00:21 DEBUG [Main] [Geode]:         Enabled cocos2d::CCDirector::willSwitchToScene hook at 0x6ffffd9bdad0 for alphalaneous.happy_textures
20:00:21 DEBUG [Main] [Geode]:         Enabled cocos2d::CCMenu::initWithArray hook at 0x6ffffd958ac0 for alphalaneous.happy_textures
20:00:21 DEBUG [Main] [Geode]:         Enabled cocos2d::extension::CCScale9Sprite::initWithFile hook at 0x6ffffdccf470 for alphalaneous.happy_textures
20:00:21 DEBUG [Main] [Geode]:         Enabled cocos2d::extension::CCScale9Sprite::visit hook at 0x6ffffdcd01d0 for alphalaneous.happy_textures
20:00:21 DEBUG [Main] [Geode]:         Enabled CommentCell::loadFromComment hook at 0x1400b3790 for alphalaneous.happy_textures
20:00:21 DEBUG [Main] [Geode]:         Enabled EditLevelLayer::init hook at 0x1400d1c80 for alphalaneous.happy_textures
20:00:21 DEBUG [Main] [Geode]:         Enabled GJCommentListLayer::create hook at 0x14027f7a0 for alphalaneous.happy_textures
20:00:21 DEBUG [Main] [Geode]:         Enabled GJDropDownLayer::showLayer hook at 0x1402459d0 for alphalaneous.happy_textures
20:00:21 DEBUG [Main] [Geode]:         Enabled GJListLayer::create hook at 0x14026d5e0 for alphalaneous.happy_textures
20:00:21 DEBUG [Main] [Geode]:         Enabled InfoLayer::init hook at 0x1402a8470 for alphalaneous.happy_textures
20:00:21 DEBUG [Main] [Geode]:         Enabled LevelCell::loadFromLevel hook at 0x1400abf30 for alphalaneous.happy_textures
20:00:21 DEBUG [Main] [Geode]:         Enabled LevelListCell::loadFromList hook at 0x1400bc320 for alphalaneous.happy_textures
20:00:21 DEBUG [Main] [Geode]:         Enabled GJScoreCell::loadFromScore hook at 0x1400b6010 for alphalaneous.happy_textures
20:00:21 DEBUG [Main] [Geode]:         Enabled MapPackCell::loadFromMapPack hook at 0x1400af940 for alphalaneous.happy_textures
20:00:21 DEBUG [Main] [Geode]:         Enabled LevelSearchLayer::init hook at 0x1402ebc60 for alphalaneous.happy_textures
20:00:21 DEBUG [Main] [Geode]:         Enabled LoadingLayer::init hook at 0x14030db60 for alphalaneous.happy_textures
20:00:21 DEBUG [Main] [Geode]:         Enabled MenuGameLayer::update hook at 0x1403118e0 for alphalaneous.happy_textures
20:00:21 DEBUG [Main] [Geode]:         Enabled MenuLayer::init hook at 0x1403130f0 for alphalaneous.happy_textures
20:00:21 DEBUG [Main] [Geode]:       geode.texture-loader v1.6.1
20:00:21 DEBUG [Main] [Geode]:         Unzip
20:00:21 DEBUG [Main] [Geode]:         Hash mismatch detected, unzipping
20:00:21 DEBUG [Main] [Geode]:         Load
20:00:21 DEBUG [Main] [Geode]:         Loading binary for mod geode.texture-loader
20:00:21 DEBUG [Main] [Geode]:         Enabled cocos2d::CCSprite::create hook at 0x6ffffd988c40 for geode.texture-loader
20:00:21 DEBUG [Main] [Geode]:         Enabled cocos2d::CCSprite::createWithSpriteFrameName hook at 0x6ffffd988e30 for geode.texture-loader
20:00:21 DEBUG [Main] [Geode]:         Enabled cocos2d::CCSprite::initWithSpriteFrame hook at 0x6ffffd989340 for geode.texture-loader
20:00:21 DEBUG [Main] [Geode]:         Enabled cocos2d::CCSpriteFrameCache::spriteFrameByName hook at 0x6ffffd98ffa0 for geode.texture-loader
20:00:21 DEBUG [Main] [Geode]:         Enabled MenuLayer::init hook at 0x1403130f0 for geode.texture-loader
20:00:21 INFO  [Ma>] [Texture Loader]: Loading texture packs
20:00:21 INFO  [Ma>] [Texture Loader]: Loaded 0 packs
20:00:21 INFO  [Main] [Geode]:     Took 0.373s. Continuing next frame...
20:00:21 DEBUG [Main] [Geode]: Setting up IPC
20:00:21 DEBUG [Main] [Geode]:   IPC set up
20:00:21 INFO  [Main] [Geode]: Starting loader update check
20:00:21 DEBUG [Main] [Geode]: Last update check result: v3.3.0
20:00:21 INFO  [Main] [Geode]: Entry took 0.378s
20:00:22 INFO  [Main] [Geode]: Continuing mod graph refresh...
20:00:22 DEBUG [Main] [Geode]:   Loading mods
20:00:22 DEBUG [Main] [Geode]:     fleym.nongd v2.11.0
20:00:22 DEBUG [Mod Unzip] [Geode]:  Unzip
20:00:22 DEBUG [Mod Unzip] [Geode]:  Hash mismatch detected, unzipping
20:00:22 INFO  [Main] [BetterCrashlogs]: Successfully fetched codegen file for version 2.206
20:00:22 INFO  [Main] [Geode]: Latest version is v3.3.0
20:00:22 DEBUG [Main] [Geode]:       Load
20:00:22 DEBUG [Main] [Geode]:       Loading binary for mod fleym.nongd
20:00:22 DEBUG [Main] [Geode]:       Enabled CustomSongWidget::init hook at 0x1400c5900 for fleym.nongd
20:00:22 DEBUG [Main] [Geode]:       Enabled CustomSongWidget::updateMultiAssetInfo hook at 0x1400c9960 for fleym.nongd
20:00:22 DEBUG [Main] [Geode]:       Enabled CustomSongWidget::updateSongInfo hook at 0x1400c8800 for fleym.nongd
20:00:22 DEBUG [Main] [Geode]:       Enabled CustomSongWidget::updateWithMultiAssets hook at 0x1400c9610 for fleym.nongd
20:00:22 DEBUG [Main] [Geode]:       Enabled LevelInfoLayer::init hook at 0x1402d7620 for fleym.nongd
20:00:22 DEBUG [Main] [Geode]:       Enabled FMODAudioEngine::queueStartMusic hook at 0x140059a40 for fleym.nongd
20:00:22 DEBUG [Main] [Geode]:       Enabled FMODAudioEngine::setMusicTimeMS hook at 0x14005af40 for fleym.nongd
20:00:22 DEBUG [Main] [Geode]:       Enabled GJGameLevel::getAudioFileName hook at 0x140164b80 for fleym.nongd
20:00:22 DEBUG [Main] [Geode]:       Enabled LevelTools::getAudioTitle hook at 0x140307130 for fleym.nongd
20:00:22 DEBUG [Main] [Geode]:       Enabled LevelSelectLayer::init hook at 0x1402f7d60 for fleym.nongd
20:00:22 DEBUG [Main] [Geode]:       Enabled MenuLayer::init hook at 0x1403130f0 for fleym.nongd
20:00:22 DEBUG [Main] [Geode]:       Enabled MusicDownloadManager::getSongInfoObject hook at 0x14031e070 for fleym.nongd
20:00:22 DEBUG [Main] [Geode]:       Enabled MusicDownloadManager::onGetSongInfoCompleted hook at 0x14031c960 for fleym.nongd
20:00:22 DEBUG [Main] [Geode]:       Enabled MusicDownloadManager::pathForSong hook at 0x14031e400 for fleym.nongd
20:00:22 INFO  [Main] [Geode]: Took 0.074s
20:00:22 INFO  [Main] [Geode]: Continuing mod graph refresh...
20:00:22 DEBUG [Main] [Geode]:   Loading mods
20:00:22 DEBUG [Main] [Geode]:     alphalaneous.asyncweb v0.1.0-alpha.5
20:00:22 DEBUG [Mod Unzip] [Geode]:  Unzip
20:00:22 DEBUG [Mod Unzip] [Geode]:  Hash mismatch detected, unzipping
20:00:22 DEBUG [Main] [Geode]:       Load
20:00:22 DEBUG [Main] [Geode]:       Loading binary for mod alphalaneous.asyncweb
20:00:22 DEBUG [Main] [Geode]:       Enabled cocos2d::extension::CCHttpClient::send hook at 0x6ffffdcd7f40 for alphalaneous.asyncweb
20:00:22 INFO  [Main] [Geode]: Took 0.05s
20:00:22 INFO  [Main] [Geode]: Continuing mod graph refresh...
20:00:22 DEBUG [Main] [Geode]:   Loading mods
20:00:22 DEBUG [Main] [Geode]:     techstudent10.attempt_utils v1.2.0
20:00:22 DEBUG [Mod Unzip] [Geode]:  Unzip
20:00:22 DEBUG [Mod Unzip] [Geode]:  Hash mismatch detected, unzipping
20:00:22 DEBUG [Main] [Geode]:       Load
20:00:22 DEBUG [Main] [Geode]:       Loading binary for mod techstudent10.attempt_utils
20:00:22 DEBUG [Main] [Geode]:       Enabled PlayLayer::updateAttempts hook at 0x140396540 for techstudent10.attempt_utils
20:00:22 DEBUG [Main] [Geode]:       Enabled PlayLayer::updateTimeLabel hook at 0x14038f170 for techstudent10.attempt_utils
20:00:22 DEBUG [Main] [Geode]:       Enabled LevelInfoLayer::onLevelInfo hook at 0x1402deba0 for techstudent10.attempt_utils
20:00:22 INFO  [Main] [Geode]: Took 0.049s
20:00:22 INFO  [Main] [Geode]: Continuing mod graph refresh...
20:00:22 DEBUG [Main] [Geode]:   Loading mods
20:00:22 DEBUG [Main] [Geode]:     alphalaneous.transparent_lists v1.1.2
20:00:22 DEBUG [Mod Unzip] [Geode]:  Unzip
20:00:22 DEBUG [Mod Unzip] [Geode]:  Hash mismatch detected, unzipping
20:00:22 DEBUG [Main] [Geode]:       Load
20:00:22 DEBUG [Main] [Geode]:       Loading binary for mod alphalaneous.transparent_lists
20:00:22 DEBUG [Main] [Geode]:       Enabled GJListLayer::create hook at 0x14026d5e0 for alphalaneous.transparent_lists
20:00:22 DEBUG [Main] [Geode]:       Enabled LevelCell::loadFromLevel hook at 0x1400abf30 for alphalaneous.transparent_lists
20:00:22 DEBUG [Main] [Geode]:       Enabled LevelListCell::loadFromList hook at 0x1400bc320 for alphalaneous.transparent_lists
20:00:22 DEBUG [Main] [Geode]:       Enabled GJScoreCell::loadFromScore hook at 0x1400b6010 for alphalaneous.transparent_lists
20:00:22 DEBUG [Main] [Geode]:       Enabled MapPackCell::loadFromMapPack hook at 0x1400af940 for alphalaneous.transparent_lists
20:00:22 INFO  [Main] [Geode]: Took 0.05s
20:00:22 INFO  [Main] [Geode]: Continuing mod graph refresh...
20:00:22 DEBUG [Main] [Geode]:   Loading mods
20:00:22 DEBUG [Main] [Geode]:     adyagd.godlikefaces v1.1.6
20:00:22 DEBUG [Mod Unzip] [Geode]:  Unzip
20:00:22 DEBUG [Mod Unzip] [Geode]:  Hash mismatch detected, unzipping
20:00:23 DEBUG [Main] [Geode]:       Load
20:00:23 DEBUG [Main] [Geode]:       Loading binary for mod adyagd.godlikefaces
20:00:23 DEBUG [Main] [Geode]:       Enabled GJDifficultySprite::create hook at 0x140292c60 for adyagd.godlikefaces
20:00:23 DEBUG [Main] [Geode]:       Enabled GJDifficultySprite::updateDifficultyFrame hook at 0x140292e20 for adyagd.godlikefaces
20:00:23 DEBUG [Main] [Geode]:       Enabled GJDifficultySprite::updateFeatureState hook at 0x140292f40 for adyagd.godlikefaces
20:00:23 INFO  [Main] [Geode]: Took 0.066s
20:00:23 INFO  [Main] [Geode]: Continuing mod graph refresh...
20:00:23 DEBUG [Main] [Geode]:   Loading mods
20:00:23 DEBUG [Main] [Geode]:     adyagd.ingamelistmod v1.2.0
20:00:23 DEBUG [Mod Unzip] [Geode]:  Unzip
20:00:23 DEBUG [Mod Unzip] [Geode]:  Hash mismatch detected, unzipping
20:00:23 DEBUG [Main] [Geode]:       Load
20:00:23 DEBUG [Main] [Geode]:       Loading binary for mod adyagd.ingamelistmod
20:00:23 DEBUG [Main] [Geode]:       Enabled LevelInfoLayer::init hook at 0x1402d7620 for adyagd.ingamelistmod
20:00:23 DEBUG [Main] [Geode]:       Enabled MenuLayer::init hook at 0x1403130f0 for adyagd.ingamelistmod
20:00:23 INFO  [Main] [Geode]: Took 0.05s
20:00:23 INFO  [Main] [Geode]: Continuing mod graph refresh...
20:00:23 DEBUG [Main] [Geode]:   Loading mods
20:00:23 DEBUG [Main] [Geode]:     b1rtek.gddlintegration v1.1.10
20:00:23 DEBUG [Mod Unzip] [Geode]:  Unzip
20:00:23 DEBUG [Mod Unzip] [Geode]:  Hash mismatch detected, unzipping
20:00:23 DEBUG [Main] [Geode]:       Load
20:00:23 DEBUG [Main] [Geode]:       Loading binary for mod b1rtek.gddlintegration
20:00:23 DEBUG [Main] [Geode]:       Enabled LevelBrowserLayer::init hook at 0x1402b57d0 for b1rtek.gddlintegration
20:00:23 DEBUG [Main] [Geode]:       Enabled LevelBrowserLayer::loadLevelsFinished hook at 0x1402b8fb0 for b1rtek.gddlintegration
20:00:23 DEBUG [Main] [Geode]:       Enabled LevelBrowserLayer::onNextPage hook at 0x1402b9910 for b1rtek.gddlintegration
20:00:23 DEBUG [Main] [Geode]:       Enabled LevelBrowserLayer::onPrevPage hook at 0x1402b9990 for b1rtek.gddlintegration
20:00:23 DEBUG [Main] [Geode]:       Enabled LevelInfoLayer::init hook at 0x1402d7620 for b1rtek.gddlintegration
20:00:23 DEBUG [Main] [Geode]:       Enabled LevelInfoLayer::updateLabelValues hook at 0x1402df060 for b1rtek.gddlintegration
20:00:23 DEBUG [Main] [Geode]:       Enabled LevelSearchLayer::init hook at 0x1402ebc60 for b1rtek.gddlintegration
20:00:23 DEBUG [Main] [Geode]:       Enabled ProfilePage::loadPageFromUserInfo hook at 0x14039c890 for b1rtek.gddlintegration
20:00:23 DEBUG [Main] [Geode]:       Enabled MenuLayer::init hook at 0x1403130f0 for b1rtek.gddlintegration
20:00:23 DEBUG [Main] [Geode]:       Enabled MenuLayer::onQuit hook at 0x1403155f0 for b1rtek.gddlintegration
20:00:23 INFO  [Main] [Geode]: Took 0.316s
20:00:23 INFO  [Main] [Geode]: Continuing mod graph refresh...
20:00:23 DEBUG [Main] [Geode]:   Loading mods
20:00:23 DEBUG [Main] [Geode]:     alphalaneous.projectedstars v1.2.8
20:00:23 DEBUG [Mod Unzip] [Geode]:  Unzip
20:00:23 DEBUG [Mod Unzip] [Geode]:  Hash mismatch detected, unzipping
20:00:23 DEBUG [Main] [Geode]:       Load
20:00:23 DEBUG [Main] [Geode]:       Loading binary for mod alphalaneous.projectedstars
20:00:23 DEBUG [Main] [Geode]:       Enabled LevelInfoLayer::init hook at 0x1402d7620 for alphalaneous.projectedstars
20:00:23 INFO  [Main] [Geode]: Took 0.049s
20:00:23 INFO  [Main] [Geode]: Continuing mod graph refresh...
20:00:23 DEBUG [Main] [Geode]:   Loading mods
20:00:23 DEBUG [Main] [Geode]:     capeling.icon_profile v1.2.1
20:00:23 DEBUG [Mod Unzip] [Geode]:  Unzip
20:00:23 DEBUG [Mod Unzip] [Geode]:  Hash mismatch detected, unzipping
20:00:23 DEBUG [Main] [Geode]:       Load
20:00:23 DEBUG [Main] [Geode]:       Loading binary for mod capeling.icon_profile
20:00:23 DEBUG [Main] [Geode]:       Enabled MenuLayer::init hook at 0x1403130f0 for capeling.icon_profile
20:00:23 INFO  [Main] [Geode]: Took 0.049s
20:00:23 INFO  [Main] [Geode]: Continuing mod graph refresh...
20:00:23 DEBUG [Main] [Geode]:   Loading mods
20:00:23 DEBUG [Main] [Geode]:     cdc.level_thumbnails v1.0.6
20:00:23 DEBUG [Mod Unzip] [Geode]:  Unzip
20:00:23 DEBUG [Mod Unzip] [Geode]:  Hash mismatch detected, unzipping
20:00:23 DEBUG [Main] [Geode]:       Load
20:00:23 DEBUG [Main] [Geode]:       Loading binary for mod cdc.level_thumbnails
20:00:23 DEBUG [Main] [Geode]:       Enabled LevelInfoLayer::init hook at 0x1402d7620 for cdc.level_thumbnails
20:00:23 DEBUG [Main] [Geode]:       Enabled LevelCell::loadCustomLevelCell hook at 0x1400ac110 for cdc.level_thumbnails
20:00:23 INFO  [Main] [Geode]: Took 0.066s
20:00:23 INFO  [Main] [Geode]: Continuing mod graph refresh...
20:00:23 DEBUG [Main] [Geode]:   Loading mods
20:00:23 DEBUG [Main] [Geode]:     cgytrus.level-shaders-fix v1.0.3
20:00:23 DEBUG [Mod Unzip] [Geode]:  Unzip
20:00:23 DEBUG [Mod Unzip] [Geode]:  Hash mismatch detected, unzipping
20:00:23 DEBUG [Main] [Geode]:       Load
20:00:23 DEBUG [Main] [Geode]:       Loading binary for mod cgytrus.level-shaders-fix
20:00:23 DEBUG [Main] [Geode]:       Enabled ShaderLayer::prePixelateShader hook at 0x14045a300 for cgytrus.level-shaders-fix
20:00:23 DEBUG [Main] [Geode]:       Enabled ShaderLayer::prepareTargetContainer hook at 0x14045a4e0 for cgytrus.level-shaders-fix
20:00:23 DEBUG [Main] [Geode]:       Enabled ShaderLayer::setupShader hook at 0x140455f60 for cgytrus.level-shaders-fix
20:00:23 DEBUG [Main] [Geode]:       Enabled ShaderLayer::visit hook at 0x14045ce00 for cgytrus.level-shaders-fix
20:00:23 INFO  [Main] [Geode]: Took 0.049s
20:00:23 INFO  [Main] [Geode]: Continuing mod graph refresh...
20:00:23 DEBUG [Main] [Geode]:   Loading mods
20:00:23 DEBUG [Main] [Geode]:     elnexreal.copy_song_id v1.3.3-alpha.2
20:00:23 DEBUG [Mod Unzip] [Geode]:  Unzip
20:00:23 DEBUG [Mod Unzip] [Geode]:  Hash mismatch detected, unzipping
20:00:23 DEBUG [Main] [Geode]:       Load
20:00:23 DEBUG [Main] [Geode]:       Loading binary for mod elnexreal.copy_song_id
20:00:23 DEBUG [Main] [Geode]:       Enabled LevelInfoLayer::init hook at 0x1402d7620 for elnexreal.copy_song_id
20:00:23 DEBUG [Main] [Geode]:       Enabled LevelInfoLayer::levelDownloadFinished hook at 0x1402dbb60 for elnexreal.copy_song_id
20:00:23 INFO  [Main] [Geode]: Took 0.033s
20:00:23 INFO  [Main] [Geode]: Continuing mod graph refresh...
20:00:23 DEBUG [Main] [Geode]:   Loading mods
20:00:23 DEBUG [Main] [Geode]:     mat.song-preview v1.1.0
20:00:23 DEBUG [Mod Unzip] [Geode]:  Unzip
20:00:23 DEBUG [Mod Unzip] [Geode]:  Hash mismatch detected, unzipping
20:00:23 DEBUG [Main] [Geode]:       Load
20:00:23 DEBUG [Main] [Geode]:       Loading binary for mod mat.song-preview
20:00:23 DEBUG [Main] [Geode]:       Enabled CustomSongWidget::onPlayback hook at 0x1400c81d0 for mat.song-preview
20:00:23 INFO  [Main] [Geode]: Took 0.049s
20:00:23 INFO  [Main] [Geode]: Continuing mod graph refresh...
20:00:23 DEBUG [Main] [Geode]:   Loading mods
20:00:23 DEBUG [Main] [Geode]:     firee.goldenbest v1.0.8
20:00:23 DEBUG [Mod Unzip] [Geode]:  Unzip
20:00:23 DEBUG [Mod Unzip] [Geode]:  Hash mismatch detected, unzipping
20:00:23 DEBUG [Main] [Geode]:       Load
20:00:23 DEBUG [Main] [Geode]:       Loading binary for mod firee.goldenbest
20:00:23 DEBUG [Main] [Geode]:       Enabled PlayLayer::updateProgressbar hook at 0x14038efd0 for firee.goldenbest
20:00:23 DEBUG [Main] [Geode]:       Enabled PlayLayer::updateTimeLabel hook at 0x14038f170 for firee.goldenbest
20:00:23 INFO  [Main] [Geode]: Took 0.051s
20:00:23 INFO  [Main] [Geode]: Continuing mod graph refresh...
20:00:23 DEBUG [Main] [Geode]:   Loading mods
20:00:23 DEBUG [Main] [Geode]:     flafy.autonong v0.3.0
20:00:23 DEBUG [Mod Unzip] [Geode]:  Unzip
20:00:23 DEBUG [Mod Unzip] [Geode]:  Hash mismatch detected, unzipping
20:00:23 DEBUG [Main] [Geode]:       Load
20:00:23 DEBUG [Main] [Geode]:       Loading binary for mod flafy.autonong
20:00:23 DEBUG [Main] [Geode]:       Enabled CustomSongWidget::updateSongInfo hook at 0x1400c8800 for flafy.autonong
20:00:23 DEBUG [Main] [Geode]:       Enabled LevelInfoLayer::init hook at 0x1402d7620 for flafy.autonong
20:00:23 INFO  [Main] [Auto Nong]:   Loading Auto Nong index from url: https://cdn.jsdelivr.net/gh/FlafyDev/auto-nong-indexes@dist/official.json.gz
20:00:23 INFO  [Main] [Auto Nong]:   Loading Auto Nong index from url: https://cdn.jsdelivr.net/gh/FlafyDev/auto-nong-indexes@dist/sfh-rooot.json.gz
20:00:23 INFO  [Main] [Geode]: Took 0.065s
20:00:23 INFO  [Main] [Geode]: Continuing mod graph refresh...
20:00:23 DEBUG [Main] [Geode]:   Loading mods
20:00:23 DEBUG [Main] [Geode]:     geode.custom-keybinds v1.7.1
20:00:23 DEBUG [Mod Unzip] [Geode]:  Unzip
20:00:23 DEBUG [Mod Unzip] [Geode]:  Hash mismatch detected, unzipping
20:00:23 DEBUG [Main] [Geode]:       Load
20:00:23 DEBUG [Main] [Geode]:       Loading binary for mod geode.custom-keybinds
20:00:23 DEBUG [Main] [Geode]:       Enabled AppDelegate::applicationWillEnterForeground hook at 0x1400817a0 for geode.custom-keybinds
20:00:23 DEBUG [Main] [Geode]:       Enabled EditorPauseLayer::customSetup hook at 0x1400d6d50 for geode.custom-keybinds
20:00:23 DEBUG [Main] [Geode]:       Enabled EditorPauseLayer::keyDown hook at 0x1400dac90 for geode.custom-keybinds
20:00:23 DEBUG [Main] [Geode]:       Enabled EditorUI::init hook at 0x1400dba20 for geode.custom-keybinds
20:00:23 DEBUG [Main] [Geode]:       Enabled EditorUI::keyDown hook at 0x140121300 for geode.custom-keybinds
20:00:23 DEBUG [Main] [Geode]:       Enabled EditorUI::keyUp hook at 0x140122590 for geode.custom-keybinds
20:00:23 DEBUG [Main] [Geode]:       Enabled EditorUI::moveObjectCall hook at 0x14011bb90 for geode.custom-keybinds
20:00:23 DEBUG [Main] [Geode]:       Enabled EditorUI::transformObjectCall hook at 0x14011c340 for geode.custom-keybinds
20:00:23 DEBUG [Main] [Geode]:       Enabled PauseLayer::customSetup hook at 0x14035abc0 for geode.custom-keybinds
20:00:23 DEBUG [Main] [Geode]:       Enabled PauseLayer::keyDown hook at 0x14035cec0 for geode.custom-keybinds
20:00:23 DEBUG [Main] [Geode]:       Enabled UILayer::handleKeypress hook at 0x1404a0b80 for geode.custom-keybinds
20:00:23 DEBUG [Main] [Geode]:       Enabled UILayer::init hook at 0x14049fe60 for geode.custom-keybinds
20:00:23 DEBUG [Main] [Geode]:       Enabled cocos2d::CCEGLView::onGLFWKeyCallback hook at 0x6ffffd975dc0 for geode.custom-keybinds
20:00:23 DEBUG [Main] [Geode]:       Enabled cocos2d::CCEGLView::onGLFWMouseCallBack hook at 0x6ffffd976060 for geode.custom-keybinds
20:00:23 DEBUG [Main] [Geode]:       Enabled cocos2d::CCKeyboardDispatcher::dispatchKeyboardMSG hook at 0x6ffffd944500 for geode.custom-keybinds
20:00:23 DEBUG [Main] [Geode]:       Enabled cocos2d::CCKeyboardDispatcher::updateModifierKeys hook at 0x6ffffd945160 for geode.custom-keybinds
20:00:23 DEBUG [Main] [Geode]:       Enabled MoreOptionsLayer::onKeybindings hook at 0x1400d9640 for geode.custom-keybinds
20:00:23 INFO  [Main] [Geode]: Took 0.066s
20:00:23 INFO  [Main] [Geode]: Continuing mod graph refresh...
20:00:23 DEBUG [Main] [Geode]:   Loading mods
20:00:23 DEBUG [Main] [Geode]:     syzzi.click_between_frames v1.1.20
20:00:23 DEBUG [Mod Unzip] [Geode]:  Unzip
20:00:23 DEBUG [Mod Unzip] [Geode]:  Hash mismatch detected, unzipping
20:00:23 DEBUG [Main] [Geode]:       Load
20:00:23 DEBUG [Main] [Geode]:       Loading binary for mod syzzi.click_between_frames
20:00:23 DEBUG [Main] [Geode]:       Enabled PlayLayer::init hook at 0x140382890 for syzzi.click_between_frames
20:00:23 DEBUG [Main] [Geode]:       Enabled cocos2d::CCDirector::setDeltaTime hook at 0x6ffffd9bce00 for syzzi.click_between_frames
20:00:23 DEBUG [Main] [Geode]:       Enabled GJBaseGameLayer::getModifiedDelta hook at 0x140227730 for syzzi.click_between_frames
20:00:23 DEBUG [Main] [Geode]:       Enabled GJBaseGameLayer::handleButton hook at 0x1402238a0 for syzzi.click_between_frames
20:00:23 DEBUG [Main] [Geode]:       Enabled PlayerObject::update hook at 0x140366ee0 for syzzi.click_between_frames
20:00:23 DEBUG [Main] [Geode]:       Enabled PlayerObject::updateRotation hook at 0x14036f0b0 for syzzi.click_between_frames
20:00:23 DEBUG [Main] [Geode]:       Enabled EndLevelLayer::customSetup hook at 0x14012edf0 for syzzi.click_between_frames
20:00:23 INFO  [Main] [Geode]: Took 0.033s
20:00:23 INFO  [Main] [Geode]: Continuing mod graph refresh...
20:00:23 DEBUG [Main] [Geode]:   Loading mods
20:00:23 DEBUG [Main] [Geode]:     bobby_shmurner.zoom v1.0.0
20:00:23 DEBUG [Mod Unzip] [Geode]:  Unzip
20:00:23 DEBUG [Mod Unzip] [Geode]:  Hash mismatch detected, unzipping
20:00:23 DEBUG [Main] [Geode]:       Load
20:00:23 DEBUG [Main] [Geode]:       Loading binary for mod bobby_shmurner.zoom
20:00:23 DEBUG [Main] [Geode]:       Enabled PauseLayer::init hook at 0x140041660 for bobby_shmurner.zoom
20:00:23 DEBUG [Main] [Geode]:       Enabled PauseLayer::onNormalMode hook at 0x14035c640 for bobby_shmurner.zoom
20:00:23 DEBUG [Main] [Geode]:       Enabled PauseLayer::onPracticeMode hook at 0x14035c560 for bobby_shmurner.zoom
20:00:23 DEBUG [Main] [Geode]:       Enabled PauseLayer::onRestart hook at 0x14035c7b0 for bobby_shmurner.zoom
20:00:23 DEBUG [Main] [Geode]:       Enabled PauseLayer::onRestartFull hook at 0x14035c850 for bobby_shmurner.zoom
20:00:23 DEBUG [Main] [Geode]:       Enabled PauseLayer::onResume hook at 0x14035c720 for bobby_shmurner.zoom
20:00:23 DEBUG [Main] [Geode]:       Enabled PlayLayer::init hook at 0x140382890 for bobby_shmurner.zoom
20:00:23 DEBUG [Main] [Geode]:       Enabled PlayLayer::pauseGame hook at 0x140396a50 for bobby_shmurner.zoom
20:00:23 DEBUG [Main] [Geode]:       Enabled PlayLayer::startGame hook at 0x1403847f0 for bobby_shmurner.zoom
20:00:23 DEBUG [Main] [Geode]:       Enabled cocos2d::CCScheduler::update hook at 0x6ffffd9c0390 for bobby_shmurner.zoom
20:00:23 DEBUG [Main] [Geode]:       Enabled cocos2d::CCEGLView::onGLFWMouseCallBack hook at 0x6ffffd976060 for bobby_shmurner.zoom
20:00:23 DEBUG [Main] [Geode]:       Enabled cocos2d::CCMouseDispatcher::dispatchScrollMSG hook at 0x6ffffd960320 for bobby_shmurner.zoom
20:00:23 INFO  [Main] [Geode]: Took 0.033s
20:00:23 INFO  [Main] [Geode]: Continuing mod graph refresh...
20:00:23 DEBUG [Main] [Geode]:   Loading mods
20:00:23 DEBUG [Main] [Geode]:     hjfod.backups v1.1.0
20:00:23 DEBUG [Mod Unzip] [Geode]:  Unzip
20:00:23 DEBUG [Mod Unzip] [Geode]:  Hash mismatch detected, unzipping
20:00:24 DEBUG [Main] [Geode]:       Load
20:00:24 DEBUG [Main] [Geode]:       Loading binary for mod hjfod.backups
20:00:24 DEBUG [Main] [Geode]:       Enabled AppDelegate::trySaveGame hook at 0x140081e30 for hjfod.backups
20:00:24 DEBUG [Main] [Geode]:       Enabled MenuLayer::init hook at 0x1403130f0 for hjfod.backups
20:00:24 DEBUG [Main] [Geode]:       Enabled OptionsLayer::customSetup hook at 0x1403504c0 for hjfod.backups
20:00:24 DEBUG [Main] [Geode]:       Enabled AccountLayer::customSetup hook at 0x14007c0d0 for hjfod.backups
20:00:24 INFO  [Main] [Geode]: Took 0.077s
20:00:24 INFO  [Main] [Geode]: Continuing mod graph refresh...
20:00:24 DEBUG [Main] [Geode]:   Loading mods
20:00:24 DEBUG [Main] [Geode]:     hjfod.gmd-api v1.2.1
20:00:24 DEBUG [Mod Unzip] [Geode]:  Unzip
20:00:24 DEBUG [Mod Unzip] [Geode]:  Hash mismatch detected, unzipping
20:00:24 DEBUG [Main] [Geode]:       Load
20:00:24 DEBUG [Main] [Geode]:       Loading binary for mod hjfod.gmd-api
20:00:24 INFO  [Main] [Geode]: Took 0.049s
20:00:24 INFO  [Main] [Geode]: Continuing mod graph refresh...
20:00:24 DEBUG [Main] [Geode]:   Loading mods
20:00:24 DEBUG [Main] [Geode]:     hjfod.gdshare v1.3.0
20:00:24 DEBUG [Mod Unzip] [Geode]:  Unzip
20:00:24 DEBUG [Mod Unzip] [Geode]:  Hash mismatch detected, unzipping
20:00:24 DEBUG [Main] [Geode]:       Load
20:00:24 DEBUG [Main] [Geode]:       Loading binary for mod hjfod.gdshare
20:00:24 DEBUG [Main] [Geode]:       Enabled EditLevelLayer::init hook at 0x1400d1c80 for hjfod.gdshare
20:00:24 DEBUG [Main] [Geode]:       Enabled LevelInfoLayer::init hook at 0x1402d7620 for hjfod.gdshare
20:00:24 DEBUG [Main] [Geode]:       Enabled LevelBrowserLayer::init hook at 0x1402b57d0 for hjfod.gdshare
20:00:24 DEBUG [Main] [Geode]:       Enabled LevelListLayer::init hook at 0x1402e3190 for hjfod.gdshare
20:00:24 INFO  [Main] [Geode]: Took 0.066s
20:00:24 INFO  [Main] [Geode]: Continuing mod graph refresh...
20:00:24 DEBUG [Main] [Geode]:   Loading mods
20:00:24 DEBUG [Main] [Geode]:     hjfod.bettersave_recovery v1.0.0
20:00:24 DEBUG [Mod Unzip] [Geode]:  Unzip
20:00:24 DEBUG [Mod Unzip] [Geode]:  Hash mismatch detected, unzipping
20:00:24 DEBUG [Main] [Geode]:       Load
20:00:24 DEBUG [Main] [Geode]:       Loading binary for mod hjfod.bettersave_recovery
20:00:24 DEBUG [Main] [Geode]:       Enabled MenuLayer::init hook at 0x1403130f0 for hjfod.bettersave_recovery
20:00:24 INFO  [Main] [Geode]: Took 0.049s
20:00:24 INFO  [Main] [Geode]: Continuing mod graph refresh...
20:00:24 DEBUG [Main] [Geode]:   Loading mods
20:00:24 DEBUG [Main] [Geode]:     oatmealine.nlw_integration v1.4.0-beta.3
20:00:24 DEBUG [Mod Unzip] [Geode]:  Unzip
20:00:24 DEBUG [Mod Unzip] [Geode]:  Hash mismatch detected, unzipping
20:00:24 DEBUG [Main] [Geode]:       Load
20:00:24 DEBUG [Main] [Geode]:       Loading binary for mod oatmealine.nlw_integration
20:00:24 DEBUG [Main] [Geode]:       Enabled LevelInfoLayer::init hook at 0x1402d7620 for oatmealine.nlw_integration
20:00:24 DEBUG [Main] [Geode]:       Enabled LevelInfoLayer::updateLabelValues hook at 0x1402df060 for oatmealine.nlw_integration
20:00:24 DEBUG [Main] [Geode]:       Enabled MenuLayer::init hook at 0x1403130f0 for oatmealine.nlw_integration
20:00:24 INFO  [Main] [Geode]: Took 0.066s
20:00:24 INFO  [Main] [Geode]: Continuing mod graph refresh...
20:00:24 DEBUG [Main] [Geode]:   Loading mods
20:00:24 DEBUG [Main] [Geode]:     hjfod.trashcan v1.0.0
20:00:24 DEBUG [Mod Unzip] [Geode]:  Unzip
20:00:24 DEBUG [Mod Unzip] [Geode]:  Hash mismatch detected, unzipping
20:00:24 DEBUG [Main] [Geode]:       Load
20:00:24 DEBUG [Main] [Geode]:       Loading binary for mod hjfod.trashcan
20:00:24 DEBUG [Main] [Geode]:       Enabled GameLevelManager::deleteLevel hook at 0x140140640 for hjfod.trashcan
20:00:24 DEBUG [Main] [Geode]:       Enabled GameLevelManager::deleteLevelList hook at 0x140140ef0 for hjfod.trashcan
20:00:24 DEBUG [Main] [Geode]:       Enabled LevelBrowserLayer::onDeleteSelected hook at 0x1402bbc80 for hjfod.trashcan
20:00:24 DEBUG [Main] [Geode]:       Enabled MenuLayer::init hook at 0x1403130f0 for hjfod.trashcan
20:00:24 DEBUG [Main] [Geode]:       Enabled LevelBrowserLayer::init hook at 0x1402b57d0 for hjfod.trashcan
20:00:24 INFO  [Main] [Geode]: Took 0.049s
20:00:24 INFO  [Main] [Geode]: Continuing mod graph refresh...
20:00:24 DEBUG [Main] [Geode]:   Loading mods
20:00:24 DEBUG [Main] [Geode]:     itzkiba.better_progression v1.2.1
20:00:24 DEBUG [Mod Unzip] [Geode]:  Unzip
20:00:24 DEBUG [Mod Unzip] [Geode]:  Hash mismatch detected, unzipping
20:00:24 DEBUG [Main] [Geode]:       Load
20:00:24 DEBUG [Main] [Geode]:       Loading binary for mod itzkiba.better_progression
20:00:24 DEBUG [Main] [Geode]:       Enabled PlayLayer::init hook at 0x140382890 for itzkiba.better_progression
20:00:24 DEBUG [Main] [Geode]:       Enabled PlayLayer::onQuit hook at 0x140397540 for itzkiba.better_progression
20:00:24 DEBUG [Main] [Geode]:       Enabled cocos2d::CCDirector::willSwitchToScene hook at 0x6ffffd9bdad0 for itzkiba.better_progression
20:00:24 DEBUG [Main] [Geode]:       Enabled ProfilePage::loadPageFromUserInfo hook at 0x14039c890 for itzkiba.better_progression
20:00:24 DEBUG [Main] [Geode]:       Enabled MenuLayer::init hook at 0x1403130f0 for itzkiba.better_progression
20:00:24 DEBUG [Main] [Geode]:       Enabled GJScoreCell::loadFromScore hook at 0x1400b6010 for itzkiba.better_progression
20:00:24 INFO  [Main] [Geode]: Took 0.066s
20:00:24 INFO  [Main] [Geode]: Continuing mod graph refresh...
20:00:24 DEBUG [Main] [Geode]:   Loading mods
20:00:24 DEBUG [Main] [Geode]:     itzkiba.grandpa_demon v1.2.0
20:00:24 DEBUG [Mod Unzip] [Geode]:  Unzip
20:00:24 DEBUG [Mod Unzip] [Geode]:  Hash mismatch detected, unzipping
20:00:24 DEBUG [Main] [Geode]:       Load
20:00:24 DEBUG [Main] [Geode]:       Loading binary for mod itzkiba.grandpa_demon
20:00:24 DEBUG [Main] [Geode]:       Enabled CreatorLayer::init hook at 0x14009a300 for itzkiba.grandpa_demon
20:00:24 DEBUG [Main] [Geode]:       Enabled DemonFilterSelectLayer::init hook at 0x1402f72c0 for itzkiba.grandpa_demon
20:00:24 DEBUG [Main] [Geode]:       Enabled LevelBrowserLayer::init hook at 0x1402b57d0 for itzkiba.grandpa_demon
20:00:24 DEBUG [Main] [Geode]:       Enabled LevelBrowserLayer::loadLevelsFinished hook at 0x1402b8fb0 for itzkiba.grandpa_demon
20:00:24 DEBUG [Main] [Geode]:       Enabled LevelBrowserLayer::onNextPage hook at 0x1402b9910 for itzkiba.grandpa_demon
20:00:24 DEBUG [Main] [Geode]:       Enabled LevelBrowserLayer::onPrevPage hook at 0x1402b9990 for itzkiba.grandpa_demon
20:00:24 DEBUG [Main] [Geode]:       Enabled LevelCell::loadCustomLevelCell hook at 0x1400ac110 for itzkiba.grandpa_demon
20:00:24 DEBUG [Main] [Geode]:       Enabled LevelInfoLayer::updateLabelValues hook at 0x1402df060 for itzkiba.grandpa_demon
20:00:24 DEBUG [Main] [Geode]:       Enabled MenuLayer::init hook at 0x1403130f0 for itzkiba.grandpa_demon
20:00:24 INFO  [Main] [Geode]: Took 0.283s
20:00:24 INFO  [Main] [Geode]: Continuing mod graph refresh...
20:00:24 DEBUG [Main] [Geode]:   Loading mods
20:00:24 DEBUG [Main] [Geode]:     lilnibblit.chestalert v1.0.3
20:00:24 DEBUG [Mod Unzip] [Geode]:  Unzip
20:00:24 DEBUG [Mod Unzip] [Geode]:  Hash mismatch detected, unzipping
20:00:24 DEBUG [Main] [Geode]:       Load
20:00:24 DEBUG [Main] [Geode]:       Loading binary for mod lilnibblit.chestalert
20:00:24 DEBUG [Main] [Geode]:       Enabled MenuLayer::init hook at 0x1403130f0 for lilnibblit.chestalert
20:00:24 DEBUG [Main] [Geode]:       Enabled RewardsPage::rewardsStatusFinished hook at 0x1403a95a0 for lilnibblit.chestalert
20:00:24 INFO  [Main] [Geode]: Took 0.049s
20:00:24 INFO  [Main] [Geode]: Continuing mod graph refresh...
20:00:24 DEBUG [Main] [Geode]:   Loading mods
20:00:24 DEBUG [Main] [Geode]:     mat.max-window v1.0.4
20:00:24 DEBUG [Mod Unzip] [Geode]:  Unzip
20:00:24 DEBUG [Mod Unzip] [Geode]:  Hash mismatch detected, unzipping
20:00:24 DEBUG [Main] [Geode]:       Load
20:00:24 DEBUG [Main] [Geode]:       Loading binary for mod mat.max-window
20:00:24 INFO  [Main] [Geode]: Took 0.033s
20:00:24 INFO  [Main] [Geode]: Continuing mod graph refresh...
20:00:24 DEBUG [Main] [Geode]:   Loading mods
20:00:24 DEBUG [Main] [Geode]:     oatmealine.ids_integration v1.4.0-beta.2
20:00:24 DEBUG [Mod Unzip] [Geode]:  Unzip
20:00:24 DEBUG [Mod Unzip] [Geode]:  Hash mismatch detected, unzipping
20:00:24 DEBUG [Main] [Geode]:       Load
20:00:24 DEBUG [Main] [Geode]:       Loading binary for mod oatmealine.ids_integration
20:00:24 DEBUG [Main] [Geode]:       Enabled LevelInfoLayer::init hook at 0x1402d7620 for oatmealine.ids_integration
20:00:24 DEBUG [Main] [Geode]:       Enabled LevelInfoLayer::updateLabelValues hook at 0x1402df060 for oatmealine.ids_integration
20:00:24 DEBUG [Main] [Geode]:       Enabled MenuLayer::init hook at 0x1403130f0 for oatmealine.ids_integration
20:00:24 INFO  [Main] [Geode]: Took 0.066s
20:00:24 INFO  [Main] [Geode]: Continuing mod graph refresh...
20:00:24 DEBUG [Main] [Geode]:   Loading mods
20:00:24 DEBUG [Main] [Geode]:     thesillydoggo.gradientpages v2.3.1
20:00:24 DEBUG [Mod Unzip] [Geode]:  Unzip
20:00:24 DEBUG [Mod Unzip] [Geode]:  Hash mismatch detected, unzipping
20:00:24 DEBUG [Main] [Geode]:       Load
20:00:24 DEBUG [Main] [Geode]:       Loading binary for mod thesillydoggo.gradientpages
20:00:24 DEBUG [Main] [Geode]:       Enabled GJAccountSettingsLayer::init hook at 0x14027fcd0 for thesillydoggo.gradientpages
20:00:24 DEBUG [Main] [Geode]:       Enabled FRequestProfilePage::init hook at 0x140139500 for thesillydoggo.gradientpages
20:00:24 DEBUG [Main] [Geode]:       Enabled FRequestProfilePage::setupCommentsBrowser hook at 0x14013b100 for thesillydoggo.gradientpages
20:00:24 DEBUG [Main] [Geode]:       Enabled MessagesProfilePage::init hook at 0x140315d70 for thesillydoggo.gradientpages
20:00:24 DEBUG [Main] [Geode]:       Enabled MessagesProfilePage::setupCommentsBrowser hook at 0x140317690 for thesillydoggo.gradientpages
20:00:24 DEBUG [Main] [Geode]:       Enabled FriendsProfilePage::init hook at 0x14013b830 for thesillydoggo.gradientpages
20:00:24 DEBUG [Main] [Geode]:       Enabled FriendsProfilePage::setupUsersBrowser hook at 0x14013bf40 for thesillydoggo.gradientpages
20:00:24 DEBUG [Main] [Geode]:       Enabled InfoLayer::init hook at 0x1402a8470 for thesillydoggo.gradientpages
20:00:24 DEBUG [Main] [Geode]:       Enabled InfoLayer::setupCommentsBrowser hook at 0x1402ac2c0 for thesillydoggo.gradientpages
20:00:24 DEBUG [Main] [Geode]:       Enabled ItemInfoPopup::init hook at 0x140269730 for thesillydoggo.gradientpages
20:00:24 DEBUG [Main] [Geode]:       Enabled ShardsPage::init hook at 0x14045de70 for thesillydoggo.gradientpages
20:00:24 DEBUG [Main] [Geode]:       Enabled CommunityCreditsPage::init hook at 0x1400927f0 for thesillydoggo.gradientpages
20:00:24 DEBUG [Main] [Geode]:       Enabled DemonFilterSelectLayer::init hook at 0x1402f72c0 for thesillydoggo.gradientpages
20:00:24 DEBUG [Main] [Geode]:       Enabled MoreSearchLayer::init hook at 0x1402f2540 for thesillydoggo.gradientpages
20:00:24 DEBUG [Main] [Geode]:       Enabled ChallengesPage::init hook at 0x140083ca0 for thesillydoggo.gradientpages
20:00:24 DEBUG [Main] [Geode]:       Enabled SetIDPopup::init hook at 0x140289160 for thesillydoggo.gradientpages
20:00:24 DEBUG [Main] [Geode]:       Enabled ProfilePage::create hook at 0x14039b1d0 for thesillydoggo.gradientpages
20:00:24 DEBUG [Main] [Geode]:       Enabled ProfilePage::loadPageFromUserInfo hook at 0x14039c890 for thesillydoggo.gradientpages
20:00:24 DEBUG [Main] [Geode]:       Enabled ProfilePage::setupCommentsBrowser hook at 0x1403a2710 for thesillydoggo.gradientpages
20:00:24 INFO  [Main] [Geode]: Took 0.066s
20:00:24 INFO  [Main] [Geode]: Continuing mod graph refresh...
20:00:24 DEBUG [Main] [Geode]:   Loading mods
20:00:24 DEBUG [Main] [Geode]:     weebify.restartbtn v1.1.4
20:00:24 DEBUG [Mod Unzip] [Geode]:  Unzip
20:00:24 DEBUG [Mod Unzip] [Geode]:  Hash mismatch detected, unzipping
20:00:24 DEBUG [Main] [Geode]:       Load
20:00:24 DEBUG [Main] [Geode]:       Loading binary for mod weebify.restartbtn
20:00:24 DEBUG [Main] [Geode]:       Enabled cocos2d::CCKeyboardDispatcher::dispatchKeyboardMSG hook at 0x6ffffd944500 for weebify.restartbtn
20:00:24 DEBUG [Main] [Geode]:       Enabled MenuLayer::init hook at 0x1403130f0 for weebify.restartbtn
20:00:24 DEBUG [Main] [Geode]:       Enabled MenuLayer::scene hook at 0x140312f60 for weebify.restartbtn
20:00:24 INFO  [Main] [Geode]: Took 0.066s
20:00:24 INFO  [Main] [Geode]: Continuing mod graph refresh...
20:00:24 DEBUG [Main] [Geode]:   Finding problems
20:00:24 DEBUG [Main] [Geode]:     fleym.nongd
20:00:24 DEBUG [Main] [Geode]:     geode.loader
20:00:24 DEBUG [Main] [Geode]:     alphalaneous.asyncweb
20:00:24 DEBUG [Main] [Geode]:     techstudent10.attempt_utils
20:00:24 DEBUG [Main] [Geode]:     alphalaneous.transparent_lists
20:00:24 DEBUG [Main] [Geode]:     syzzi.click_between_frames
20:00:24 DEBUG [Main] [Geode]:     adyagd.godlikefaces
20:00:24 DEBUG [Main] [Geode]:     adyagd.ingamelistmod
20:00:24 DEBUG [Main] [Geode]:     b1rtek.gddlintegration
20:00:24 DEBUG [Main] [Geode]:     alphalaneous.happy_textures
20:00:24 DEBUG [Main] [Geode]:     alphalaneous.projectedstars
20:00:24 DEBUG [Main] [Geode]:     bobby_shmurner.zoom
20:00:24 DEBUG [Main] [Geode]:     capeling.icon_profile
20:00:24 DEBUG [Main] [Geode]:     cdc.level_thumbnails
20:00:24 DEBUG [Main] [Geode]:     muhammadgames.bettermenu
20:00:24 DEBUG [Main] [Geode]:     cgytrus.level-shaders-fix
20:00:24 DEBUG [Main] [Geode]:     elnexreal.copy_song_id
20:00:24 DEBUG [Main] [Geode]:     mat.song-preview
20:00:24 DEBUG [Main] [Geode]:     firee.goldenbest
20:00:24 DEBUG [Main] [Geode]:     prevter.bettercrash
20:00:24 DEBUG [Main] [Geode]:     hjfod.gdshare
20:00:24 DEBUG [Main] [Geode]:     flafy.autonong
20:00:24 DEBUG [Main] [Geode]:     geode.custom-keybinds
20:00:24 DEBUG [Main] [Geode]:     geode.node-ids
20:00:24 DEBUG [Main] [Geode]:     geode.texture-loader
20:00:24 DEBUG [Main] [Geode]:     hjfod.backups
20:00:24 DEBUG [Main] [Geode]:     hjfod.bettersave_recovery
20:00:24 DEBUG [Main] [Geode]:     hjfod.gmd-api
20:00:24 DEBUG [Main] [Geode]:     oatmealine.nlw_integration
20:00:24 DEBUG [Main] [Geode]:     hjfod.trashcan
20:00:24 DEBUG [Main] [Geode]:     itzkiba.better_progression
20:00:24 DEBUG [Main] [Geode]:     itzkiba.grandpa_demon
20:00:24 DEBUG [Main] [Geode]:     lilnibblit.chestalert
20:00:24 DEBUG [Main] [Geode]:     mat.max-window
20:00:24 DEBUG [Main] [Geode]:     oatmealine.ids_integration
20:00:24 DEBUG [Main] [Geode]:     thesillydoggo.gradientpages
20:00:24 DEBUG [Main] [Geode]:     weebify.restartbtn
20:00:24 INFO  [Main] [Geode]:   Took 0s
20:00:24 DEBUG [Main] [Geode]: Verifying Loader Resources
20:00:25 DEBUG [Main] [Geode]: Resource hash mismatch: changelog.md (4d70913, 600704a)
20:00:25 DEBUG [Main] [Geode]: Downloading Loader Resources
20:00:26 DEBUG [Main] [Geode]: Downloaded Loader Resources
20:00:26 DEBUG [Main] [Geode]: Loading mod resources
20:00:26 DEBUG [Main] [Geode]: Adding resources
20:00:26 DEBUG [Main] [Geode]:   geode.loader
20:00:26 DEBUG [Main] [Geode]:     Adding sheet geode.loader/LogoSheet
20:00:26 DEBUG [Main] [Geode]:     Adding sheet geode.loader/APISheet
20:00:27 DEBUG [Main] [Geode]:     Adding sheet geode.loader/BlankSheet
20:00:27 DEBUG [Main] [Geode]:   adyagd.godlikefaces
20:00:27 DEBUG [Main] [Geode]:     Adding sheet adyagd.godlikefaces/GodlikeDiffSheet
20:00:27 DEBUG [Main] [Geode]:   hjfod.gdshare
20:00:27 DEBUG [Main] [Geode]:     Adding sheet hjfod.gdshare/GDShare
20:00:27 DEBUG [Main] [Geode]:   geode.custom-keybinds
20:00:27 DEBUG [Main] [Geode]:     Adding sheet geode.custom-keybinds/KB_ControllerSheet
20:00:27 DEBUG [Main] [Geode]:   hjfod.backups
20:00:27 DEBUG [Main] [Geode]:     Adding sheet hjfod.backups/BackupSheet
20:00:27 DEBUG [Main] [Geode]:   oatmealine.nlw_integration
20:00:27 DEBUG [Main] [Geode]:     Adding sheet oatmealine.nlw_integration/NLW_icons
20:00:27 DEBUG [Main] [Geode]:   itzkiba.better_progression
20:00:27 DEBUG [Main] [Geode]:     Adding sheet itzkiba.better_progression/badgeSpritesheet
20:00:27 DEBUG [Main] [Geode]:   itzkiba.grandpa_demon
20:00:27 DEBUG [Main] [Geode]:     Adding sheet itzkiba.grandpa_demon/GrD_IconSheet
20:00:27 DEBUG [Main] [Geode]:     Adding sheet itzkiba.grandpa_demon/GrD_ReadmeSheet
20:00:27 DEBUG [Main] [Geode]:   oatmealine.ids_integration
20:00:27 DEBUG [Main] [Geode]:     Adding sheet oatmealine.ids_integration/NLW_icons
20:00:27 DEBUG [Main] [Geode]:   thesillydoggo.gradientpages
20:00:27 DEBUG [Main] [Geode]:     Adding sheet thesillydoggo.gradientpages/UISheet
20:00:29 INFO  [Main] [Trashcan]: Recovering trashcan...
20:00:29 INFO  [Main] [Trashcan]: Recovered 0 trashcan items (0 failed)
20:00:29 INFO  [Main] [Geode]: parsed query: & bottom-menu settings-button
20:00:29 INFO  [Main] [Backups]: Backed up CCGameManager & CCLocalLevels
20:00:29 INFO  [Main] [Better Progression]: Creator Points from request: 0
20:00:29 INFO  [Main] [Geode]: All mods up to date!
20:00:30 INFO  [Main] [NLW Integration]: successfully fetched 827 levels
20:00:30 INFO  [Main] [IDS Integration]: successfully fetched 1069 levels
20:01:02 ERROR [Main] [Geode]: Unable to parse mod 'thesillydoggo.qolmod' version from the server: Mod targets version v3.0.0-alpha.1 but Geode is version v3.3.0
20:01:02 ERROR [Main] [Geode]: Unable to parse mod 'thesillydoggo.qolmod' version from the server: Mod targets version v3.0.0-alpha.1 but Geode is version v3.3.0
20:01:02 ERROR [Main] [Geode]: Unable to parse mod 'thesillydoggo.qolmod' version from the server: Mod targets version v3.0.0-alpha.2 but Geode is version v3.3.0
20:01:02 ERROR [Main] [Geode]: Unable to parse mod 'thesillydoggo.qolmod' version from the server: Mod targets version v3.0.0-alpha.2 but Geode is version v3.3.0
20:01:19 ERROR [Main] [Geode]: Unable to parse mod 'muhammadgames.bettermenu' version from the server: Mod targets version v2.0.0-beta.8 but Geode is version v3.3.0
20:01:19 ERROR [Main] [Geode]: Unable to parse mod 'muhammadgames.bettermenu' version from the server: Mod targets version v2.0.0-beta.8 but Geode is version v3.3.0
20:01:37 ERROR [Main] [Geode]: Unable to parse mod 'mat.run-info' version from the server: Mod targets version v2.0.0 but Geode is version v3.3.0
20:01:37 ERROR [Main] [Geode]: Unable to parse mod 'mat.run-info' version from the server: Mod targets version v2.0.0-beta.24 but Geode is version v3.3.0
20:01:37 ERROR [Main] [Geode]: Unable to parse mod 'mat.run-info' version from the server: Mod targets version v3.0.0-alpha.1 but Geode is version v3.3.0
20:01:37 ERROR [Main] [Geode]: Unable to parse mod 'mat.run-info' version from the server: Mod targets version v3.0.0-alpha.2 but Geode is version v3.3.0
20:02:31 INFO  [Main] [Geode]: Saving mod data...
20:02:31 DEBUG [Main] [Geode]:   fleym.nongd
20:02:31 DEBUG [Main] [Geode]:     Check covered
20:02:31 DEBUG [Main] [Geode]:   geode.loader
20:02:31 DEBUG [Main] [Geode]:     Check covered
20:02:31 DEBUG [Main] [Geode]:     Check if auto-check-updates is saved
20:02:31 DEBUG [Main] [Geode]:     Check if show-platform-console is saved
20:02:31 DEBUG [Main] [Geode]:     Check if disable-last-crashed-popup is saved
20:02:31 DEBUG [Main] [Geode]:     Check if server-cache-size-limit is saved
20:02:31 DEBUG [Main] [Geode]:     Check if enable-geode-theme is saved
20:02:31 DEBUG [Main] [Geode]:   alphalaneous.asyncweb
20:02:31 DEBUG [Main] [Geode]:     Check covered
20:02:31 DEBUG [Main] [Geode]:   techstudent10.attempt_utils
20:02:31 DEBUG [Main] [Geode]:     Check covered
20:02:31 DEBUG [Main] [Geode]:   alphalaneous.transparent_lists
20:02:31 DEBUG [Main] [Geode]:     Check covered
20:02:31 DEBUG [Main] [Geode]:   syzzi.click_between_frames
20:02:31 DEBUG [Main] [Geode]:     Check covered
20:02:31 DEBUG [Main] [Geode]:   adyagd.godlikefaces
20:02:31 DEBUG [Main] [Geode]:     Check covered
20:02:31 DEBUG [Main] [Geode]:   adyagd.ingamelistmod
20:02:31 DEBUG [Main] [Geode]:     Check covered
20:02:31 DEBUG [Main] [Geode]:   b1rtek.gddlintegration
20:02:31 DEBUG [Main] [Geode]:     Check covered
20:02:31 DEBUG [Main] [Geode]:   alphalaneous.happy_textures
20:02:31 DEBUG [Main] [Geode]:     Check covered
20:02:31 DEBUG [Main] [Geode]:   alphalaneous.projectedstars
20:02:31 DEBUG [Main] [Geode]:     Check covered
20:02:31 DEBUG [Main] [Geode]:   bobby_shmurner.zoom
20:02:31 DEBUG [Main] [Geode]:     Check covered
20:02:31 DEBUG [Main] [Geode]:   capeling.icon_profile
20:02:31 DEBUG [Main] [Geode]:     Check covered
20:02:31 DEBUG [Main] [Geode]:   cdc.level_thumbnails
20:02:31 DEBUG [Main] [Geode]:     Check covered
20:02:31 DEBUG [Main] [Geode]:   muhammadgames.bettermenu
20:02:31 DEBUG [Main] [Geode]:     Check covered
20:02:31 DEBUG [Main] [Geode]:   cgytrus.level-shaders-fix
20:02:31 DEBUG [Main] [Geode]:     Check covered
20:02:31 DEBUG [Main] [Geode]:   elnexreal.copy_song_id
20:02:31 DEBUG [Main] [Geode]:     Check covered
20:02:31 DEBUG [Main] [Geode]:   mat.song-preview
20:02:31 DEBUG [Main] [Geode]:     Check covered
20:02:31 DEBUG [Main] [Geode]:   firee.goldenbest
20:02:31 DEBUG [Main] [Geode]:     Check covered
20:02:31 DEBUG [Main] [Geode]:   prevter.bettercrash
20:02:31 DEBUG [Main] [Geode]:     Check covered
20:02:31 DEBUG [Main] [Geode]:   hjfod.gdshare
20:02:31 DEBUG [Main] [Geode]:     Check covered
20:02:31 DEBUG [Main] [Geode]:   flafy.autonong
20:02:31 DEBUG [Main] [Geode]:     Check covered
20:02:31 DEBUG [Main] [Geode]:   geode.custom-keybinds
20:02:31 DEBUG [Main] [Geode]:     Check covered
20:02:31 DEBUG [Main] [Geode]:   geode.node-ids
20:02:31 DEBUG [Main] [Geode]:     Check covered
20:02:31 DEBUG [Main] [Geode]:   geode.texture-loader
20:02:31 INFO  [M>] [Texture Lo>]: Saving texture packs
20:02:31 DEBUG [Main] [Geode]:     Check covered
20:02:31 DEBUG [Main] [Geode]:   hjfod.backups
20:02:31 DEBUG [Main] [Geode]:     Check covered
20:02:31 DEBUG [Main] [Geode]:   hjfod.bettersave_recovery
20:02:31 DEBUG [Main] [Geode]:     Check covered
20:02:31 DEBUG [Main] [Geode]:   hjfod.gmd-api
20:02:31 DEBUG [Main] [Geode]:     Check covered
20:02:31 DEBUG [Main] [Geode]:   oatmealine.nlw_integration
20:02:31 DEBUG [Main] [Geode]:     Check covered
20:02:31 DEBUG [Main] [Geode]:   hjfod.trashcan
20:02:31 DEBUG [Main] [Geode]:     Check covered
20:02:31 DEBUG [Main] [Geode]:   itzkiba.better_progression
20:02:31 DEBUG [Main] [Geode]:     Check covered
20:02:31 DEBUG [Main] [Geode]:   itzkiba.grandpa_demon
20:02:31 DEBUG [Main] [Geode]:     Check covered
20:02:31 DEBUG [Main] [Geode]:   lilnibblit.chestalert
20:02:31 DEBUG [Main] [Geode]:     Check covered
20:02:31 DEBUG [Main] [Geode]:   mat.max-window
20:02:31 DEBUG [Main] [Geode]:     Check covered
20:02:31 DEBUG [Main] [Geode]:   oatmealine.ids_integration
20:02:31 DEBUG [Main] [Geode]:     Check covered
20:02:31 DEBUG [Main] [Geode]:   thesillydoggo.gradientpages
20:02:31 DEBUG [Main] [Geode]:     Check covered
20:02:31 DEBUG [Main] [Geode]:   weebify.restartbtn
20:02:31 DEBUG [Main] [Geode]:     Check covered
20:02:31 INFO  [Main] [Geode]:   Took 0.018s
